Using pre-set license
Built from '2021.3/china_unity/release' branch; Version is '2021.3.5f1c1 (23e20ff61267) revision 2351631'; Using compiler version '192829333'; Build Type 'Release'
OS: 'Windows 11  (10.0.22621) 64bit Professional' Language: 'zh' Physical Memory: 32489 MB
BatchMode: 1, IsHumanControllingUs: 0, StartBugReporterOnCrash: 0, Is64bit: 1, IsPro: 1

COMMAND LINE ARGUMENTS:
C:\Program Files\Unity\Hub\Editor\2021.3.5f1c1\Editor\Unity.exe
-adb2
-batchMode
-noUpm
-name
AssetImportWorker2
-projectPath
D:/Learn/Unity_Learn/UGF/StarForce
-logFile
Logs/AssetImportWorker2.log
-srvPort
49359
Successfully changed project path to: D:/Learn/Unity_Learn/UGF/StarForce
D:/Learn/Unity_Learn/UGF/StarForce
[UnityMemory] Configuration Parameters - Can be set up in boot.config
    "memorysetup-bucket-allocator-granularity=16"
    "memorysetup-bucket-allocator-bucket-count=8"
    "memorysetup-bucket-allocator-block-size=33554432"
    "memorysetup-bucket-allocator-block-count=8"
    "memorysetup-main-allocator-block-size=16777216"
    "memorysetup-thread-allocator-block-size=16777216"
    "memorysetup-gfx-main-allocator-block-size=16777216"
    "memorysetup-gfx-thread-allocator-block-size=16777216"
    "memorysetup-cache-allocator-block-size=4194304"
    "memorysetup-typetree-allocator-block-size=2097152"
    "memorysetup-profiler-bucket-allocator-granularity=16"
    "memorysetup-profiler-bucket-allocator-bucket-count=8"
    "memorysetup-profiler-bucket-allocator-block-size=33554432"
    "memorysetup-profiler-bucket-allocator-block-count=8"
    "memorysetup-profiler-allocator-block-size=16777216"
    "memorysetup-profiler-editor-allocator-block-size=1048576"
    "memorysetup-temp-allocator-size-main=16777216"
    "memorysetup-job-temp-allocator-block-size=2097152"
    "memorysetup-job-temp-allocator-block-size-background=1048576"
    "memorysetup-job-temp-allocator-reduction-small-platforms=262144"
    "memorysetup-temp-allocator-size-background-worker=32768"
    "memorysetup-temp-allocator-size-job-worker=262144"
    "memorysetup-temp-allocator-size-preload-manager=33554432"
    "memorysetup-temp-allocator-size-nav-mesh-worker=65536"
    "memorysetup-temp-allocator-size-audio-worker=65536"
    "memorysetup-temp-allocator-size-cloud-worker=32768"
    "memorysetup-temp-allocator-size-gi-baking-worker=262144"
    "memorysetup-temp-allocator-size-gfx=262144"
AS: AutoStreaming module initializing.
Refreshing native plugins compatible for Editor in 50.32 ms, found 3 plugins.
Preloading 0 native plugins for Editor in 0.00 ms.
Initialize engine version: 2021.3.5f1c1 (23e20ff61267)
[Subsystems] Discovering subsystems at path C:/Program Files/Unity/Hub/Editor/2021.3.5f1c1/Editor/Data/Resources/UnitySubsystems
[Subsystems] Discovering subsystems at path D:/Learn/Unity_Learn/UGF/StarForce/Assets
GfxDevice: creating device client; threaded=0; jobified=0
Direct3D:
    Version:  Direct3D 11.0 [level 11.1]
    Renderer: NVIDIA GeForce GTX 1660 Ti (ID=0x2182)
    Vendor:   NVIDIA
    VRAM:     5979 MB
    Driver:   31.0.15.2824
Initialize mono
Mono path[0] = 'C:/Program Files/Unity/Hub/Editor/2021.3.5f1c1/Editor/Data/Managed'
Mono path[1] = 'C:/Program Files/Unity/Hub/Editor/2021.3.5f1c1/Editor/Data/MonoBleedingEdge/lib/mono/unityjit-win32'
Mono config path = 'C:/Program Files/Unity/Hub/Editor/2021.3.5f1c1/Editor/Data/MonoBleedingEdge/etc'
Using monoOptions --debugger-agent=transport=dt_socket,embedding=1,server=y,suspend=n,address=127.0.0.1:56736
Begin MonoManager ReloadAssembly
Registering precompiled unity dll's ...
Register platform support module: C:/Program Files/Unity/Hub/Editor/2021.3.5f1c1/Editor/Data/PlaybackEngines/AndroidPlayer/UnityEditor.Android.Extensions.dll
Register platform support module: C:/Program Files/Unity/Hub/Editor/2021.3.5f1c1/Editor/Data/PlaybackEngines/iOSSupport/UnityEditor.iOS.Extensions.dll
Register platform support module: C:/Program Files/Unity/Hub/Editor/2021.3.5f1c1/Editor/Data/PlaybackEngines/WindowsStandaloneSupport/UnityEditor.WindowsStandalone.Extensions.dll
Registered in 0.005826 seconds.
Native extension for WindowsStandalone target not found
[usbmuxd] Start listen thread
[usbmuxd] Listen thread started
Native extension for iOS target not found
Native extension for Android target not found
Refreshing native plugins compatible for Editor in 48.11 ms, found 3 plugins.
Preloading 0 native plugins for Editor in 0.00 ms.
Mono: successfully reloaded assembly
- Completed reload, in  0.456 seconds
Domain Reload Profiling:
	ReloadAssembly (456ms)
		BeginReloadAssembly (54ms)
			ExecutionOrderSort (0ms)
			DisableScriptedObjects (0ms)
			BackupInstance (0ms)
			ReleaseScriptingObjects (0ms)
			CreateAndSetChildDomain (1ms)
		EndReloadAssembly (324ms)
			LoadAssemblies (51ms)
			RebuildTransferFunctionScriptingTraits (0ms)
			SetupTypeCache (78ms)
			ReleaseScriptCaches (0ms)
			RebuildScriptCaches (18ms)
			SetupLoadedEditorAssemblies (189ms)
				LogAssemblyErrors (0ms)
				InitializePlatformSupportModulesInManaged (44ms)
				SetLoadedEditorAssemblies (0ms)
				RefreshPlugins (48ms)
				BeforeProcessingInitializeOnLoad (1ms)
				ProcessInitializeOnLoadAttributes (65ms)
				ProcessInitializeOnLoadMethodAttributes (31ms)
				AfterProcessingInitializeOnLoad (0ms)
				EditorAssembliesLoaded (0ms)
			ExecutionOrderSort2 (0ms)
			AwakeInstancesAfterBackupRestoration (0ms)
Platform modules already initialized, skipping
Registering precompiled user dll's ...
Registered in 0.006840 seconds.
Begin MonoManager ReloadAssembly
Symbol file LoadedFromMemory doesn't match image D:\Learn\Unity_Learn\UGF\StarForce\Library\PackageCache\com.unity.visualscripting@1.7.8\Editor\VisualScripting.Core\Dependencies\YamlDotNet\Unity.VisualScripting.YamlDotNet.dll
Symbol file LoadedFromMemory doesn't match image D:\Learn\Unity_Learn\UGF\StarForce\Library\PackageCache\com.unity.visualscripting@1.7.8\Editor\VisualScripting.Core\Dependencies\DotNetZip\Unity.VisualScripting.IonicZip.dll
Native extension for WindowsStandalone target not found
Native extension for iOS target not found
Native extension for Android target not found
Refreshing native plugins compatible for Editor in 0.45 ms, found 3 plugins.
Preloading 0 native plugins for Editor in 0.00 ms.
Mono: successfully reloaded assembly
- Completed reload, in  0.834 seconds
Domain Reload Profiling:
	ReloadAssembly (835ms)
		BeginReloadAssembly (197ms)
			ExecutionOrderSort (0ms)
			DisableScriptedObjects (7ms)
			BackupInstance (0ms)
			ReleaseScriptingObjects (0ms)
			CreateAndSetChildDomain (127ms)
		EndReloadAssembly (558ms)
			LoadAssemblies (56ms)
			RebuildTransferFunctionScriptingTraits (0ms)
			SetupTypeCache (162ms)
			ReleaseScriptCaches (1ms)
			RebuildScriptCaches (42ms)
			SetupLoadedEditorAssemblies (262ms)
				LogAssemblyErrors (0ms)
				InitializePlatformSupportModulesInManaged (19ms)
				SetLoadedEditorAssemblies (0ms)
				RefreshPlugins (1ms)
				BeforeProcessingInitializeOnLoad (54ms)
				ProcessInitializeOnLoadAttributes (162ms)
				ProcessInitializeOnLoadMethodAttributes (21ms)
				AfterProcessingInitializeOnLoad (6ms)
				EditorAssembliesLoaded (0ms)
			ExecutionOrderSort2 (0ms)
			AwakeInstancesAfterBackupRestoration (5ms)
Platform modules already initialized, skipping
========================================================================
Worker process is ready to serve import requests
Launched and connected shader compiler UnityShaderCompiler.exe after 0.07 seconds
Refreshing native plugins compatible for Editor in 0.70 ms, found 3 plugins.
Preloading 0 native plugins for Editor in 0.00 ms.
Unloading 3999 Unused Serialized files (Serialized files now loaded: 0)
Unloading 27 unused Assets / (55.2 KB). Loaded Objects now: 4458.
Memory consumption went from 134.8 MB to 134.8 MB.
Total: 2.130000 ms (FindLiveObjects: 0.201500 ms CreateObjectMapping: 0.092100 ms MarkObjects: 1.784400 ms  DeleteObjects: 0.050900 ms)

AssetImportParameters requested are different than current active one (requested -> active):
  custom:video-decoder-ogg-theora: a1e56fd34408186e4bbccfd4996cb3dc -> 
  custom:container-muxer-webm: aa71ff27fc2769a1b78a27578f13a17b -> 
  custom:container-demuxer-webm: 4f35f7cbe854078d1ac9338744f61a02 -> 
  custom:video-encoder-webm-vp8: eb34c28f22e8b96e1ab97ce403110664 -> 
  custom:audio-encoder-webm-vorbis: bf7c407c2cedff20999df2af8eb42d56 -> 
  custom:framework-win-MediaFoundation: 216162199b28c13a410421893ffa2e32 -> 
  custom:container-demuxer-ogg: 62fdf1f143b41e24485cea50d1cbac27 -> 
  custom:video-decoder-webm-vp8: 9c59270c3fd7afecdb556c50c9e8de78 -> 
  custom:audio-decoder-ogg-vorbis: bf7c407c2cedff20999df2af8eb42d56 -> 
========================================================================
Received Import Request.
  Time since last request: 1038677.756320 seconds.
  path: Assets/GameFramework/Scripts/Editor/Inspector/EventComponentInspector.cs
  artifactKey: Guid(bb23c608d69039c4dab132437b577ba1) Importer(2089858483,0ecaa5967403d082aa24f35e1b516d23)
Start importing Assets/GameFramework/Scripts/Editor/Inspector/EventComponentInspector.cs using Guid(bb23c608d69039c4dab132437b577ba1) Importer(2089858483,0ecaa5967403d082aa24f35e1b516d23) Generated GUIDs only implemented for interfaces!
 -> (artifact id: '92f8d441d89fb245fd23c666fa7e945e') in 0.155804 seconds 
========================================================================
Received Import Request.
  Time since last request: 0.000020 seconds.
  path: Assets/GameFramework/Scripts/Runtime/Entity/Entity.cs
  artifactKey: Guid(bac1e67b934ef0944b6de46554cf5042) Importer(2089858483,0ecaa5967403d082aa24f35e1b516d23)
Start importing Assets/GameFramework/Scripts/Runtime/Entity/Entity.cs using Guid(bac1e67b934ef0944b6de46554cf5042) Importer(2089858483,0ecaa5967403d082aa24f35e1b516d23) Generated GUIDs only implemented for interfaces!
 -> (artifact id: 'aef62041e4af0e08ac923bb536d22ba3') in 0.004135 seconds 
========================================================================
Received Import Request.
  Time since last request: 0.000021 seconds.
  path: Assets/GameFramework/Scripts/Runtime/Entity/DefaultEntityGroupHelper.cs
  artifactKey: Guid(2eae0b22de94ba442b482bff7fab17ff) Importer(2089858483,0ecaa5967403d082aa24f35e1b516d23)
Start importing Assets/GameFramework/Scripts/Runtime/Entity/DefaultEntityGroupHelper.cs using Guid(2eae0b22de94ba442b482bff7fab17ff) Importer(2089858483,0ecaa5967403d082aa24f35e1b516d23) Generated GUIDs only implemented for interfaces!
 -> (artifact id: '9f70b62c79cdfb6a696ca81a1360dd75') in 0.006202 seconds 
========================================================================
Received Import Request.
  Time since last request: 0.000019 seconds.
  path: Assets/GameFramework/Scripts/Runtime/ObjectPool/ObjectPoolComponent.cs
  artifactKey: Guid(1e28a727443c86c40aeb42ff20e0a343) Importer(2089858483,0ecaa5967403d082aa24f35e1b516d23)
Start importing Assets/GameFramework/Scripts/Runtime/ObjectPool/ObjectPoolComponent.cs using Guid(1e28a727443c86c40aeb42ff20e0a343) Importer(2089858483,0ecaa5967403d082aa24f35e1b516d23) Generated GUIDs only implemented for interfaces!
 -> (artifact id: 'd271d6432de810f33e439f30dd6def44') in 0.004454 seconds 
========================================================================
Received Import Request.
  Time since last request: 0.000022 seconds.
  path: Assets/GameFramework/Scripts/Runtime/Entity/EntityHelperBase.cs
  artifactKey: Guid(8992f89de70519047ba31e6383445cca) Importer(2089858483,0ecaa5967403d082aa24f35e1b516d23)
Start importing Assets/GameFramework/Scripts/Runtime/Entity/EntityHelperBase.cs using Guid(8992f89de70519047ba31e6383445cca) Importer(2089858483,0ecaa5967403d082aa24f35e1b516d23) Generated GUIDs only implemented for interfaces!
 -> (artifact id: 'c8ecb651e08dbdfb71cfe84442915740') in 0.039778 seconds 
========================================================================
Received Import Request.
  Time since last request: 0.000024 seconds.
  path: Assets/GameFramework/Scripts/Runtime/Download/WWWDownloadAgentHelper.cs
  artifactKey: Guid(30217a4100363014a9c8c671b5848a61) Importer(2089858483,0ecaa5967403d082aa24f35e1b516d23)
Start importing Assets/GameFramework/Scripts/Runtime/Download/WWWDownloadAgentHelper.cs using Guid(30217a4100363014a9c8c671b5848a61) Importer(2089858483,0ecaa5967403d082aa24f35e1b516d23) Generated GUIDs only implemented for interfaces!
 -> (artifact id: '308da1a0ab48bb204e4dace071fff237') in 0.005451 seconds 
========================================================================
Received Import Request.
  Time since last request: 0.000029 seconds.
  path: Assets/GameFramework/Scripts/Runtime/Entity/ShowEntityUpdateEventArgs.cs
  artifactKey: Guid(8fb90ce75efc136468379f5728401d0c) Importer(2089858483,0ecaa5967403d082aa24f35e1b516d23)
Start importing Assets/GameFramework/Scripts/Runtime/Entity/ShowEntityUpdateEventArgs.cs using Guid(8fb90ce75efc136468379f5728401d0c) Importer(2089858483,0ecaa5967403d082aa24f35e1b516d23) Generated GUIDs only implemented for interfaces!
 -> (artifact id: '8b64521746d504e876f6ddc76653e1c7') in 0.004130 seconds 
========================================================================
Received Import Request.
  Time since last request: 0.000018 seconds.
  path: Assets/GameFramework/Scripts/Runtime/Debugger/DebuggerComponent.LogNode.cs
  artifactKey: Guid(168b4dfdd72224e4bbc5fb606eec23dd) Importer(2089858483,0ecaa5967403d082aa24f35e1b516d23)
Start importing Assets/GameFramework/Scripts/Runtime/Debugger/DebuggerComponent.LogNode.cs using Guid(168b4dfdd72224e4bbc5fb606eec23dd) Importer(2089858483,0ecaa5967403d082aa24f35e1b516d23) Generated GUIDs only implemented for interfaces!
 -> (artifact id: '2b4073d0698fa4d7295007b6c0d66287') in 0.004448 seconds 
========================================================================
Received Import Request.
  Time since last request: 0.000019 seconds.
  path: Assets/GameFramework/Scripts/Editor/ResourceAnalyzer/ResourceAnalyzerController.cs
  artifactKey: Guid(f05a10a252bec6c44b19b0cf7c105ff3) Importer(2089858483,0ecaa5967403d082aa24f35e1b516d23)
Start importing Assets/GameFramework/Scripts/Editor/ResourceAnalyzer/ResourceAnalyzerController.cs using Guid(f05a10a252bec6c44b19b0cf7c105ff3) Importer(2089858483,0ecaa5967403d082aa24f35e1b516d23) Generated GUIDs only implemented for interfaces!
 -> (artifact id: '6831ea6791432a2bfced1a285ac1cd1d') in 0.004106 seconds 
========================================================================
Received Import Request.
  Time since last request: 0.000020 seconds.
  path: Assets/GameFramework/Scripts/Editor/ResourceCollection/Asset.cs
  artifactKey: Guid(f0147356ab2aa7548b5448288d785afe) Importer(2089858483,0ecaa5967403d082aa24f35e1b516d23)
Start importing Assets/GameFramework/Scripts/Editor/ResourceCollection/Asset.cs using Guid(f0147356ab2aa7548b5448288d785afe) Importer(2089858483,0ecaa5967403d082aa24f35e1b516d23) Generated GUIDs only implemented for interfaces!
 -> (artifact id: 'c281214cfb399f634eb00d14e6d89571') in 0.004374 seconds 
========================================================================
Received Import Request.
  Time since last request: 0.000026 seconds.
  path: Assets/GameFramework/Scripts/Runtime/Network/NetworkConnectedEventArgs.cs
  artifactKey: Guid(980f3ac1c6457c64281b99ea2fc94384) Importer(2089858483,0ecaa5967403d082aa24f35e1b516d23)
Start importing Assets/GameFramework/Scripts/Runtime/Network/NetworkConnectedEventArgs.cs using Guid(980f3ac1c6457c64281b99ea2fc94384) Importer(2089858483,0ecaa5967403d082aa24f35e1b516d23) Generated GUIDs only implemented for interfaces!
 -> (artifact id: '09879b0d32d1f7da04d0e0a521411462') in 0.004858 seconds 
========================================================================
Received Import Request.
  Time since last request: 0.000020 seconds.
  path: Assets/GameFramework/Scripts/Runtime/DataTable/LoadDataTableFailureEventArgs.cs
  artifactKey: Guid(7196ee8c6ea2e0c4ebd4825fe6c9dcd1) Importer(2089858483,0ecaa5967403d082aa24f35e1b516d23)
Start importing Assets/GameFramework/Scripts/Runtime/DataTable/LoadDataTableFailureEventArgs.cs using Guid(7196ee8c6ea2e0c4ebd4825fe6c9dcd1) Importer(2089858483,0ecaa5967403d082aa24f35e1b516d23) Generated GUIDs only implemented for interfaces!
 -> (artifact id: 'c0cbf8f1bf0d36976ae158e0c61fa6f9') in 0.004976 seconds 
========================================================================
Received Import Request.
  Time since last request: 0.000018 seconds.
  path: Assets/GameFramework/Scripts/Runtime/Entity/ShowEntityDependencyAssetEventArgs.cs
  artifactKey: Guid(cef77d19116ea6f4aaa8b77116df65c3) Importer(2089858483,0ecaa5967403d082aa24f35e1b516d23)
Start importing Assets/GameFramework/Scripts/Runtime/Entity/ShowEntityDependencyAssetEventArgs.cs using Guid(cef77d19116ea6f4aaa8b77116df65c3) Importer(2089858483,0ecaa5967403d082aa24f35e1b516d23) Generated GUIDs only implemented for interfaces!
 -> (artifact id: '3b6bd012987951103056a0ad698deb25') in 0.003991 seconds 
========================================================================
Received Import Request.
  Time since last request: 0.000019 seconds.
  path: Assets/GameFramework/Scripts/Runtime/DataTable/DataTableComponent.cs
  artifactKey: Guid(54066418ab853614483ea44b531049f0) Importer(2089858483,0ecaa5967403d082aa24f35e1b516d23)
Start importing Assets/GameFramework/Scripts/Runtime/DataTable/DataTableComponent.cs using Guid(54066418ab853614483ea44b531049f0) Importer(2089858483,0ecaa5967403d082aa24f35e1b516d23) Generated GUIDs only implemented for interfaces!
 -> (artifact id: '732dafb98bbcf9704853507d14129c0c') in 0.004596 seconds 
========================================================================
Received Import Request.
  Time since last request: 0.000021 seconds.
  path: Assets/GameFramework/Scripts/Runtime/DataTable/DefaultDataTableHelper.cs
  artifactKey: Guid(f6a52ac548bf3654a93c12610240a67d) Importer(2089858483,0ecaa5967403d082aa24f35e1b516d23)
Start importing Assets/GameFramework/Scripts/Runtime/DataTable/DefaultDataTableHelper.cs using Guid(f6a52ac548bf3654a93c12610240a67d) Importer(2089858483,0ecaa5967403d082aa24f35e1b516d23) Generated GUIDs only implemented for interfaces!
 -> (artifact id: '6d612acdec385a3325153b74d3be5eca') in 0.004350 seconds 
========================================================================
Received Import Request.
  Time since last request: 0.000022 seconds.
  path: Assets/GameFramework/Scripts/Runtime/Debugger/DebuggerComponent.InputSummaryInformationWindow.cs
  artifactKey: Guid(a2756ce9647dc6a49a66c75437edef8b) Importer(2089858483,0ecaa5967403d082aa24f35e1b516d23)
Start importing Assets/GameFramework/Scripts/Runtime/Debugger/DebuggerComponent.InputSummaryInformationWindow.cs using Guid(a2756ce9647dc6a49a66c75437edef8b) Importer(2089858483,0ecaa5967403d082aa24f35e1b516d23) Generated GUIDs only implemented for interfaces!
 -> (artifact id: '6b038628f3d29480e76b5c3bf8a99b22') in 0.004639 seconds 
========================================================================
Received Import Request.
  Time since last request: 0.000023 seconds.
  path: Assets/GameFramework/Scripts/Editor/Inspector/WebRequestComponentInspector.cs
  artifactKey: Guid(dbb0e62b54d44b74dab4b9a49e186d0f) Importer(2089858483,0ecaa5967403d082aa24f35e1b516d23)
Start importing Assets/GameFramework/Scripts/Editor/Inspector/WebRequestComponentInspector.cs using Guid(dbb0e62b54d44b74dab4b9a49e186d0f) Importer(2089858483,0ecaa5967403d082aa24f35e1b516d23) Generated GUIDs only implemented for interfaces!
 -> (artifact id: 'e1a1c6230afafba016d2ee0426a478e4') in 0.005619 seconds 
========================================================================
Received Import Request.
  Time since last request: 0.000021 seconds.
  path: Assets/GameFramework/Scripts/Editor/Misc/LogScriptingDefineSymbols.cs
  artifactKey: Guid(0b5eed5f56efa7e4cb245bee9b064c21) Importer(2089858483,0ecaa5967403d082aa24f35e1b516d23)
Start importing Assets/GameFramework/Scripts/Editor/Misc/LogScriptingDefineSymbols.cs using Guid(0b5eed5f56efa7e4cb245bee9b064c21) Importer(2089858483,0ecaa5967403d082aa24f35e1b516d23) Generated GUIDs only implemented for interfaces!
 -> (artifact id: '243e2c31bdccf4bb7b1521791624ce65') in 0.005713 seconds 
========================================================================
Received Import Request.
  Time since last request: 0.000020 seconds.
  path: Assets/GameFramework/Scripts/Runtime/Debugger/DebuggerComponent.SettingsWindow.cs
  artifactKey: Guid(b4a36d102b4e1a648810a983c2101967) Importer(2089858483,0ecaa5967403d082aa24f35e1b516d23)
Start importing Assets/GameFramework/Scripts/Runtime/Debugger/DebuggerComponent.SettingsWindow.cs using Guid(b4a36d102b4e1a648810a983c2101967) Importer(2089858483,0ecaa5967403d082aa24f35e1b516d23) Generated GUIDs only implemented for interfaces!
 -> (artifact id: '756ab027fb7a96f8cc530f14ef196337') in 0.003950 seconds 
========================================================================
Received Import Request.
  Time since last request: 0.000020 seconds.
  path: Assets/GameFramework/Libraries/GameFramework/Resource/LoadBytesCallbacks.cs
  artifactKey: Guid(287af0cf7c488884d91598296b59390c) Importer(2089858483,0ecaa5967403d082aa24f35e1b516d23)
Start importing Assets/GameFramework/Libraries/GameFramework/Resource/LoadBytesCallbacks.cs using Guid(287af0cf7c488884d91598296b59390c) Importer(2089858483,0ecaa5967403d082aa24f35e1b516d23) Generated GUIDs only implemented for interfaces!
 -> (artifact id: '28fd3078f843ec520df9c5b78e300dcd') in 0.004870 seconds 
========================================================================
Received Import Request.
  Time since last request: 0.000021 seconds.
  path: Assets/GameFramework/Libraries/GameFramework/WebRequest/WebRequestAgentHelperErrorEventArgs.cs
  artifactKey: Guid(3791be403b344b346b6031ab176f2a09) Importer(2089858483,0ecaa5967403d082aa24f35e1b516d23)
Start importing Assets/GameFramework/Libraries/GameFramework/WebRequest/WebRequestAgentHelperErrorEventArgs.cs using Guid(3791be403b344b346b6031ab176f2a09) Importer(2089858483,0ecaa5967403d082aa24f35e1b516d23) Generated GUIDs only implemented for interfaces!
 -> (artifact id: '78e90477cb37774299d29a79c82eaabb') in 0.004597 seconds 
========================================================================
Received Import Request.
  Time since last request: 0.000023 seconds.
  path: Assets/GameFramework/Libraries/GameFramework/Scene/ISceneManager.cs
  artifactKey: Guid(b2729d248c31d354da9cabbce8548ea6) Importer(2089858483,0ecaa5967403d082aa24f35e1b516d23)
Start importing Assets/GameFramework/Libraries/GameFramework/Scene/ISceneManager.cs using Guid(b2729d248c31d354da9cabbce8548ea6) Importer(2089858483,0ecaa5967403d082aa24f35e1b516d23) Generated GUIDs only implemented for interfaces!
 -> (artifact id: '9f94478288a89f9043fdcc8d0170fcda') in 0.004902 seconds 
========================================================================
Received Import Request.
  Time since last request: 0.000019 seconds.
  path: Assets/GameFramework/Libraries/GameFramework/Resource/UpdatableVersionList.ResourceGroup.cs
  artifactKey: Guid(508c28546ea5fb14d831138fb321781c) Importer(2089858483,0ecaa5967403d082aa24f35e1b516d23)
Start importing Assets/GameFramework/Libraries/GameFramework/Resource/UpdatableVersionList.ResourceGroup.cs using Guid(508c28546ea5fb14d831138fb321781c) Importer(2089858483,0ecaa5967403d082aa24f35e1b516d23) Generated GUIDs only implemented for interfaces!
 -> (artifact id: 'a984a56f3afc3ebcd890224429a6fc68') in 0.004493 seconds 
========================================================================
Received Import Request.
  Time since last request: 0.000022 seconds.
  path: Assets/GameFramework/Libraries/GameFramework/ObjectPool/ObjectPoolManager.ObjectPool.cs
  artifactKey: Guid(c98fc1878ea26fb41935e400984d5018) Importer(2089858483,0ecaa5967403d082aa24f35e1b516d23)
Start importing Assets/GameFramework/Libraries/GameFramework/ObjectPool/ObjectPoolManager.ObjectPool.cs using Guid(c98fc1878ea26fb41935e400984d5018) Importer(2089858483,0ecaa5967403d082aa24f35e1b516d23) Generated GUIDs only implemented for interfaces!
 -> (artifact id: '62a84b5f41a85e7c76c051aa98c88854') in 0.004842 seconds 
========================================================================
Received Import Request.
  Time since last request: 0.000022 seconds.
  path: Assets/GameFramework/Libraries/GameFramework/Utility/Utility.Assembly.cs
  artifactKey: Guid(f9c397650d943e649928c89b5d2e547e) Importer(2089858483,0ecaa5967403d082aa24f35e1b516d23)
Start importing Assets/GameFramework/Libraries/GameFramework/Utility/Utility.Assembly.cs using Guid(f9c397650d943e649928c89b5d2e547e) Importer(2089858483,0ecaa5967403d082aa24f35e1b516d23) Generated GUIDs only implemented for interfaces!
 -> (artifact id: 'c9875ecea47dd3a77cd9af6d9106b8a4') in 0.004531 seconds 
========================================================================
Received Import Request.
  Time since last request: 0.000020 seconds.
  path: Assets/GameFramework/Libraries/GameFramework/Resource/LoadAssetCallbacks.cs
  artifactKey: Guid(2e93219baba2e5d4984d6b0655e72142) Importer(2089858483,0ecaa5967403d082aa24f35e1b516d23)
Start importing Assets/GameFramework/Libraries/GameFramework/Resource/LoadAssetCallbacks.cs using Guid(2e93219baba2e5d4984d6b0655e72142) Importer(2089858483,0ecaa5967403d082aa24f35e1b516d23) Generated GUIDs only implemented for interfaces!
 -> (artifact id: '93dacd1fee513fae8584e25ec7fdb20f') in 0.004085 seconds 
========================================================================
Received Import Request.
  Time since last request: 0.000023 seconds.
  path: Assets/GameFramework/Scripts/Editor/Inspector/SoundComponentInspector.cs
  artifactKey: Guid(cba40a4571929b14098014e7b931c2ed) Importer(2089858483,0ecaa5967403d082aa24f35e1b516d23)
Start importing Assets/GameFramework/Scripts/Editor/Inspector/SoundComponentInspector.cs using Guid(cba40a4571929b14098014e7b931c2ed) Importer(2089858483,0ecaa5967403d082aa24f35e1b516d23) Generated GUIDs only implemented for interfaces!
 -> (artifact id: '5016fb44691286c4b0b363047bf200bc') in 0.004747 seconds 
========================================================================
Received Import Request.
  Time since last request: 0.000019 seconds.
  path: Assets/GameFramework/Libraries/GameFramework/Resource/ResourceManager.ResourceChecker.CheckInfo.RemoteVersionInfo.cs
  artifactKey: Guid(d736212b5ea581444af9ea63e5663fe8) Importer(2089858483,0ecaa5967403d082aa24f35e1b516d23)
Start importing Assets/GameFramework/Libraries/GameFramework/Resource/ResourceManager.ResourceChecker.CheckInfo.RemoteVersionInfo.cs using Guid(d736212b5ea581444af9ea63e5663fe8) Importer(2089858483,0ecaa5967403d082aa24f35e1b516d23) Generated GUIDs only implemented for interfaces!
 -> (artifact id: '08d8bd748f54ed967ac68c07228127e1') in 0.004650 seconds 
========================================================================
Received Import Request.
  Time since last request: 0.000023 seconds.
  path: Assets/GameFramework/Libraries/GameFramework/WebRequest/WebRequestStartEventArgs.cs
  artifactKey: Guid(4c01bb624c84d1b46a8e216822478db2) Importer(2089858483,0ecaa5967403d082aa24f35e1b516d23)
Start importing Assets/GameFramework/Libraries/GameFramework/WebRequest/WebRequestStartEventArgs.cs using Guid(4c01bb624c84d1b46a8e216822478db2) Importer(2089858483,0ecaa5967403d082aa24f35e1b516d23) Generated GUIDs only implemented for interfaces!
 -> (artifact id: '5eaabed28972f3fdd35fc65ef2770a06') in 0.003993 seconds 
========================================================================
Received Import Request.
  Time since last request: 0.139485 seconds.
  path: Assets/GameFramework/Scripts/Runtime/Resource/BuiltinVersionListSerializer.LocalVersionListDeserializeCallback.cs
  artifactKey: Guid(df66ad097f961904fb7bca9ea86b226f) Importer(2089858483,0ecaa5967403d082aa24f35e1b516d23)
Start importing Assets/GameFramework/Scripts/Runtime/Resource/BuiltinVersionListSerializer.LocalVersionListDeserializeCallback.cs using Guid(df66ad097f961904fb7bca9ea86b226f) Importer(2089858483,0ecaa5967403d082aa24f35e1b516d23) Generated GUIDs only implemented for interfaces!
 -> (artifact id: '926de71590797851ace4d37e27f0270f') in 0.009793 seconds 
========================================================================
Received Import Request.
  Time since last request: 0.000018 seconds.
  path: Assets/GameFramework/Scripts/Runtime/Resource/ResourceVerifySuccessEventArgs.cs
  artifactKey: Guid(4318e2ddfebdf804eaac67df48fd4a83) Importer(2089858483,0ecaa5967403d082aa24f35e1b516d23)
Start importing Assets/GameFramework/Scripts/Runtime/Resource/ResourceVerifySuccessEventArgs.cs using Guid(4318e2ddfebdf804eaac67df48fd4a83) Importer(2089858483,0ecaa5967403d082aa24f35e1b516d23) Generated GUIDs only implemented for interfaces!
 -> (artifact id: '8521af54da3965f9be4f86b703e1d2b2') in 0.005235 seconds 
========================================================================
Received Import Request.
  Time since last request: 0.000020 seconds.
  path: Assets/GameFramework/Scripts/Runtime/Setting/SettingHelperBase.cs
  artifactKey: Guid(cc7b39fb83dd08d46b2920dfbe6c4ca0) Importer(2089858483,0ecaa5967403d082aa24f35e1b516d23)
Start importing Assets/GameFramework/Scripts/Runtime/Setting/SettingHelperBase.cs using Guid(cc7b39fb83dd08d46b2920dfbe6c4ca0) Importer(2089858483,0ecaa5967403d082aa24f35e1b516d23) Generated GUIDs only implemented for interfaces!
 -> (artifact id: '2e2d6690e76ac4bbe154635a53994064') in 0.004331 seconds 
========================================================================
Received Import Request.
  Time since last request: 0.000018 seconds.
  path: Assets/GameFramework/Scripts/Runtime/UI/OpenUIFormUpdateEventArgs.cs
  artifactKey: Guid(314460751754f5d468a04af842439e8a) Importer(2089858483,0ecaa5967403d082aa24f35e1b516d23)
Start importing Assets/GameFramework/Scripts/Runtime/UI/OpenUIFormUpdateEventArgs.cs using Guid(314460751754f5d468a04af842439e8a) Importer(2089858483,0ecaa5967403d082aa24f35e1b516d23) Generated GUIDs only implemented for interfaces!
 -> (artifact id: 'd06f2f3af734c2c2aca0df42d45e1629') in 0.004930 seconds 
========================================================================
Received Import Request.
  Time since last request: 0.000016 seconds.
  path: Assets/GameFramework/Scripts/Runtime/Sound/PlaySoundFailureEventArgs.cs
  artifactKey: Guid(e72fc153d76f6e04e9b0036f95f75b3c) Importer(2089858483,0ecaa5967403d082aa24f35e1b516d23)
Start importing Assets/GameFramework/Scripts/Runtime/Sound/PlaySoundFailureEventArgs.cs using Guid(e72fc153d76f6e04e9b0036f95f75b3c) Importer(2089858483,0ecaa5967403d082aa24f35e1b516d23) Generated GUIDs only implemented for interfaces!
 -> (artifact id: '119964068d8cf0d25149495075fcbd7e') in 0.004533 seconds 
========================================================================
Received Import Request.
  Time since last request: 0.000022 seconds.
  path: Assets/GameFramework/Scripts/Runtime/Variable/VarTexture.cs
  artifactKey: Guid(c0f43d324b63e5d48933b078ca2cc5f3) Importer(2089858483,0ecaa5967403d082aa24f35e1b516d23)
Start importing Assets/GameFramework/Scripts/Runtime/Variable/VarTexture.cs using Guid(c0f43d324b63e5d48933b078ca2cc5f3) Importer(2089858483,0ecaa5967403d082aa24f35e1b516d23) Generated GUIDs only implemented for interfaces!
 -> (artifact id: 'a45cd0d2d9dc8262d0fd9239c93cc24b') in 0.004301 seconds 
========================================================================
Received Import Request.
  Time since last request: 0.000020 seconds.
  path: Assets/GameFramework/Scripts/Runtime/Resource/SceneAsset.cs
  artifactKey: Guid(ed139c50a07e4544eb7ff7e75654d488) Importer(2089858483,0ecaa5967403d082aa24f35e1b516d23)
Start importing Assets/GameFramework/Scripts/Runtime/Resource/SceneAsset.cs using Guid(ed139c50a07e4544eb7ff7e75654d488) Importer(2089858483,0ecaa5967403d082aa24f35e1b516d23) Generated GUIDs only implemented for interfaces!
 -> (artifact id: '2a1669a7e4082cfdf02293d43ee4f0f4') in 0.005072 seconds 
========================================================================
Received Import Request.
  Time since last request: 0.000021 seconds.
  path: Assets/GameFramework/Scripts/Runtime/Setting/DefaultSettingSerializer.cs
  artifactKey: Guid(68480f1e51ccec64eb66a1da9bd5cc99) Importer(2089858483,0ecaa5967403d082aa24f35e1b516d23)
Start importing Assets/GameFramework/Scripts/Runtime/Setting/DefaultSettingSerializer.cs using Guid(68480f1e51ccec64eb66a1da9bd5cc99) Importer(2089858483,0ecaa5967403d082aa24f35e1b516d23) Generated GUIDs only implemented for interfaces!
 -> (artifact id: 'e5f077251421dd1cda7ca48777f73e19') in 0.004482 seconds 
========================================================================
Received Import Request.
  Time since last request: 0.000034 seconds.
  path: Assets/GameFramework/Scripts/Runtime/Variable/VarColor.cs
  artifactKey: Guid(b7b2e4000c824c341bd90a5886dd0893) Importer(2089858483,0ecaa5967403d082aa24f35e1b516d23)
Start importing Assets/GameFramework/Scripts/Runtime/Variable/VarColor.cs using Guid(b7b2e4000c824c341bd90a5886dd0893) Importer(2089858483,0ecaa5967403d082aa24f35e1b516d23) Generated GUIDs only implemented for interfaces!
 -> (artifact id: 'f507d96b8860bdbd7ed1cbb80abe1da9') in 0.004612 seconds 
========================================================================
Received Import Request.
  Time since last request: 0.000023 seconds.
  path: Assets/GameFramework/Scripts/Runtime/Setting/SettingComponent.cs
  artifactKey: Guid(3c6e05d8d843cd94bb9aa026ed5dc517) Importer(2089858483,0ecaa5967403d082aa24f35e1b516d23)
Start importing Assets/GameFramework/Scripts/Runtime/Setting/SettingComponent.cs using Guid(3c6e05d8d843cd94bb9aa026ed5dc517) Importer(2089858483,0ecaa5967403d082aa24f35e1b516d23) Generated GUIDs only implemented for interfaces!
 -> (artifact id: '886b0d13f375024ee6addbe3b37b4d20') in 0.005240 seconds 
========================================================================
Received Import Request.
  Time since last request: 0.000023 seconds.
  path: Assets/GameFramework/Scripts/Runtime/UI/UIFormHelperBase.cs
  artifactKey: Guid(a33f1f48cf25a4a44bd85661139f76ee) Importer(2089858483,0ecaa5967403d082aa24f35e1b516d23)
Start importing Assets/GameFramework/Scripts/Runtime/UI/UIFormHelperBase.cs using Guid(a33f1f48cf25a4a44bd85661139f76ee) Importer(2089858483,0ecaa5967403d082aa24f35e1b516d23) Generated GUIDs only implemented for interfaces!
 -> (artifact id: '2b9f181051ac33f61c3b4c49711b7f46') in 0.005099 seconds 
========================================================================
Received Import Request.
  Time since last request: 0.000025 seconds.
  path: Assets/GameFramework/Scripts/Runtime/Resource/ResourceUpdateAllCompleteEventArgs.cs
  artifactKey: Guid(2170354b236b90446bdd75a841140b52) Importer(2089858483,0ecaa5967403d082aa24f35e1b516d23)
Start importing Assets/GameFramework/Scripts/Runtime/Resource/ResourceUpdateAllCompleteEventArgs.cs using Guid(2170354b236b90446bdd75a841140b52) Importer(2089858483,0ecaa5967403d082aa24f35e1b516d23) Generated GUIDs only implemented for interfaces!
 -> (artifact id: '0d18760aaa690d85081b9f7b7ca326d3') in 0.005933 seconds 
========================================================================
Received Import Request.
  Time since last request: 0.000025 seconds.
  path: Assets/GameFramework/Scripts/Runtime/Resource/ResourceApplyStartEventArgs.cs
  artifactKey: Guid(a2b8dac8903914b4b90a288cb8ad3d06) Importer(2089858483,0ecaa5967403d082aa24f35e1b516d23)
Start importing Assets/GameFramework/Scripts/Runtime/Resource/ResourceApplyStartEventArgs.cs using Guid(a2b8dac8903914b4b90a288cb8ad3d06) Importer(2089858483,0ecaa5967403d082aa24f35e1b516d23) Generated GUIDs only implemented for interfaces!
 -> (artifact id: 'ed951af3dbd7eaa9c138f24f1087605f') in 0.005757 seconds 
========================================================================
Received Import Request.
  Time since last request: 0.000023 seconds.
  path: Assets/GameMain/Scripts/Editor/DataTableGenerator/DataTableProcessor.DataProcessor.cs
  artifactKey: Guid(ccc7c992b5573ae4fafd0d5706bdad48) Importer(2089858483,0ecaa5967403d082aa24f35e1b516d23)
Start importing Assets/GameMain/Scripts/Editor/DataTableGenerator/DataTableProcessor.DataProcessor.cs using Guid(ccc7c992b5573ae4fafd0d5706bdad48) Importer(2089858483,0ecaa5967403d082aa24f35e1b516d23) Generated GUIDs only implemented for interfaces!
 -> (artifact id: '539eabe746e5dbb63d72ddb0422f495d') in 0.004007 seconds 
========================================================================
Received Import Request.
  Time since last request: 0.000027 seconds.
  path: Assets/GameFramework/Scripts/Runtime/Resource/ResourceApplyFailureEventArgs.cs
  artifactKey: Guid(66fd3ef74ebb3c64a85b92714b6fca9f) Importer(2089858483,0ecaa5967403d082aa24f35e1b516d23)
Start importing Assets/GameFramework/Scripts/Runtime/Resource/ResourceApplyFailureEventArgs.cs using Guid(66fd3ef74ebb3c64a85b92714b6fca9f) Importer(2089858483,0ecaa5967403d082aa24f35e1b516d23) Generated GUIDs only implemented for interfaces!
 -> (artifact id: '026bb3166df2d9f203800e44a5820d12') in 0.004791 seconds 
========================================================================
Received Import Request.
  Time since last request: 0.000024 seconds.
  path: Assets/GameFramework/Scripts/Runtime/UI/OpenUIFormDependencyAssetEventArgs.cs
  artifactKey: Guid(29b2ea8e2fa48e143adc8e647e8103bf) Importer(2089858483,0ecaa5967403d082aa24f35e1b516d23)
Start importing Assets/GameFramework/Scripts/Runtime/UI/OpenUIFormDependencyAssetEventArgs.cs using Guid(29b2ea8e2fa48e143adc8e647e8103bf) Importer(2089858483,0ecaa5967403d082aa24f35e1b516d23) Generated GUIDs only implemented for interfaces!
 -> (artifact id: 'ad3eda3c5cf9d437a64255346200e7e1') in 0.004486 seconds 
========================================================================
Received Import Request.
  Time since last request: 0.000025 seconds.
  path: Assets/GameFramework/Scripts/Runtime/UI/UIFormLogic.cs
  artifactKey: Guid(0293f872933ead649893db69d7f4e2ce) Importer(2089858483,0ecaa5967403d082aa24f35e1b516d23)
Start importing Assets/GameFramework/Scripts/Runtime/UI/UIFormLogic.cs using Guid(0293f872933ead649893db69d7f4e2ce) Importer(2089858483,0ecaa5967403d082aa24f35e1b516d23) Generated GUIDs only implemented for interfaces!
 -> (artifact id: '67b76cf4499bf73346e714a068ed7a35') in 0.004413 seconds 
========================================================================
Received Import Request.
  Time since last request: 0.000019 seconds.
  path: Assets/GameFramework/Scripts/Runtime/Scene/ActiveSceneChangedEventArgs.cs
  artifactKey: Guid(41e284ba4b2e7b044b63702496b5b31f) Importer(2089858483,0ecaa5967403d082aa24f35e1b516d23)
Start importing Assets/GameFramework/Scripts/Runtime/Scene/ActiveSceneChangedEventArgs.cs using Guid(41e284ba4b2e7b044b63702496b5b31f) Importer(2089858483,0ecaa5967403d082aa24f35e1b516d23) Generated GUIDs only implemented for interfaces!
 -> (artifact id: '06e3087677325e0efc1f4b833bf68a44') in 0.005304 seconds 
========================================================================
Received Import Request.
  Time since last request: 0.000020 seconds.
  path: Assets/GameFramework/Scripts/Runtime/Variable/VarSByte.cs
  artifactKey: Guid(1e0877a15fd8ef34699d6e817a9c04bd) Importer(2089858483,0ecaa5967403d082aa24f35e1b516d23)
Start importing Assets/GameFramework/Scripts/Runtime/Variable/VarSByte.cs using Guid(1e0877a15fd8ef34699d6e817a9c04bd) Importer(2089858483,0ecaa5967403d082aa24f35e1b516d23) Generated GUIDs only implemented for interfaces!
 -> (artifact id: '996b207bb776f22840f13947d8d9641e') in 0.004127 seconds 
========================================================================
Received Import Request.
  Time since last request: 0.000022 seconds.
  path: Assets/GameFramework/Scripts/Runtime/Scene/LoadSceneSuccessEventArgs.cs
  artifactKey: Guid(05add94fc5037024c87844fd64e1ab71) Importer(2089858483,0ecaa5967403d082aa24f35e1b516d23)
Start importing Assets/GameFramework/Scripts/Runtime/Scene/LoadSceneSuccessEventArgs.cs using Guid(05add94fc5037024c87844fd64e1ab71) Importer(2089858483,0ecaa5967403d082aa24f35e1b516d23) Generated GUIDs only implemented for interfaces!
 -> (artifact id: '2475652e9da77c12bd5469dfa2c97e35') in 0.003980 seconds 
========================================================================
Received Import Request.
  Time since last request: 0.000020 seconds.
  path: Assets/GameFramework/Scripts/Runtime/Sound/PlaySoundInfo.cs
  artifactKey: Guid(7b0ac4f756eac174ba485dae0218a1a8) Importer(2089858483,0ecaa5967403d082aa24f35e1b516d23)
Start importing Assets/GameFramework/Scripts/Runtime/Sound/PlaySoundInfo.cs using Guid(7b0ac4f756eac174ba485dae0218a1a8) Importer(2089858483,0ecaa5967403d082aa24f35e1b516d23) Generated GUIDs only implemented for interfaces!
 -> (artifact id: '2bc5f1ed9dea2c0b773df8d9e6ef49f0') in 0.005306 seconds 
========================================================================
Received Import Request.
  Time since last request: 0.000019 seconds.
  path: Assets/GameFramework/Scripts/Runtime/Variable/VarObject.cs
  artifactKey: Guid(f3b2d458c0eb0244c905a819c9fec4f3) Importer(2089858483,0ecaa5967403d082aa24f35e1b516d23)
Start importing Assets/GameFramework/Scripts/Runtime/Variable/VarObject.cs using Guid(f3b2d458c0eb0244c905a819c9fec4f3) Importer(2089858483,0ecaa5967403d082aa24f35e1b516d23) Generated GUIDs only implemented for interfaces!
 -> (artifact id: '908276dbd10f628213b6df638a9b8e4c') in 0.004107 seconds 
========================================================================
Received Import Request.
  Time since last request: 0.000019 seconds.
  path: Assets/GameFramework/Scripts/Runtime/Sound/DefaultSoundHelper.cs
  artifactKey: Guid(7a025072340d72e4e8468db061720cde) Importer(2089858483,0ecaa5967403d082aa24f35e1b516d23)
Start importing Assets/GameFramework/Scripts/Runtime/Sound/DefaultSoundHelper.cs using Guid(7a025072340d72e4e8468db061720cde) Importer(2089858483,0ecaa5967403d082aa24f35e1b516d23) Generated GUIDs only implemented for interfaces!
 -> (artifact id: '511538052f034c070694855a23049c3c') in 0.005632 seconds 
========================================================================
Received Import Request.
  Time since last request: 0.000021 seconds.
  path: Assets/GameFramework/Scripts/Runtime/UI/CloseUIFormCompleteEventArgs.cs
  artifactKey: Guid(e5119cf2f6bdac343a0b73ee3a0aa400) Importer(2089858483,0ecaa5967403d082aa24f35e1b516d23)
Start importing Assets/GameFramework/Scripts/Runtime/UI/CloseUIFormCompleteEventArgs.cs using Guid(e5119cf2f6bdac343a0b73ee3a0aa400) Importer(2089858483,0ecaa5967403d082aa24f35e1b516d23) Generated GUIDs only implemented for interfaces!
 -> (artifact id: '4c1631a44476f3ad9cecb1d7b81b9ff2') in 0.005150 seconds 
========================================================================
Received Import Request.
  Time since last request: 0.000021 seconds.
  path: Assets/GameMain/Localization/Korean/Dictionaries/Default.xml
  artifactKey: Guid(5dcd89912e222bf4c87f76db4044bc5e) Importer(2089858483,0ecaa5967403d082aa24f35e1b516d23)
Start importing Assets/GameMain/Localization/Korean/Dictionaries/Default.xml using Guid(5dcd89912e222bf4c87f76db4044bc5e) Importer(2089858483,0ecaa5967403d082aa24f35e1b516d23) Generated GUIDs only implemented for interfaces!
 -> (artifact id: '7ef30dd67db8f6ac9721234659fc9873') in 0.006366 seconds 
========================================================================
Received Import Request.
  Time since last request: 0.000024 seconds.
  path: Assets/GameFramework/Scripts/Runtime/WebRequest/WebRequestStartEventArgs.cs
  artifactKey: Guid(3f73533092cec3d498691d5805a8f856) Importer(2089858483,0ecaa5967403d082aa24f35e1b516d23)
Start importing Assets/GameFramework/Scripts/Runtime/WebRequest/WebRequestStartEventArgs.cs using Guid(3f73533092cec3d498691d5805a8f856) Importer(2089858483,0ecaa5967403d082aa24f35e1b516d23) Generated GUIDs only implemented for interfaces!
 -> (artifact id: '7024b821dcaa58406d9883327d2b0770') in 0.004306 seconds 
========================================================================
Received Import Request.
  Time since last request: 0.000018 seconds.
  path: Assets/GameFramework/Scripts/Runtime/Utility/DefaultTextHelper.cs
  artifactKey: Guid(371f2cb893135444b96dec3d77b5ec04) Importer(2089858483,0ecaa5967403d082aa24f35e1b516d23)
Start importing Assets/GameFramework/Scripts/Runtime/Utility/DefaultTextHelper.cs using Guid(371f2cb893135444b96dec3d77b5ec04) Importer(2089858483,0ecaa5967403d082aa24f35e1b516d23) Generated GUIDs only implemented for interfaces!
 -> (artifact id: '5beb1f859ba7d40d6277ce6a339c0e18') in 0.004632 seconds 
========================================================================
Received Import Request.
  Time since last request: 0.000017 seconds.
  path: Assets/GameFramework/Scripts/Runtime/Variable/VarInt32.cs
  artifactKey: Guid(f82188cc963752848a236f4fed834740) Importer(2089858483,0ecaa5967403d082aa24f35e1b516d23)
Start importing Assets/GameFramework/Scripts/Runtime/Variable/VarInt32.cs using Guid(f82188cc963752848a236f4fed834740) Importer(2089858483,0ecaa5967403d082aa24f35e1b516d23) Generated GUIDs only implemented for interfaces!
 -> (artifact id: '6ba39645d7d8415b66f345068223c0e8') in 0.005426 seconds 
========================================================================
Received Import Request.
  Time since last request: 0.000018 seconds.
  path: Assets/GameFramework/Scripts/Runtime/Variable/VarMaterial.cs
  artifactKey: Guid(45b6448300498c842a0facd7b2b6d45c) Importer(2089858483,0ecaa5967403d082aa24f35e1b516d23)
Start importing Assets/GameFramework/Scripts/Runtime/Variable/VarMaterial.cs using Guid(45b6448300498c842a0facd7b2b6d45c) Importer(2089858483,0ecaa5967403d082aa24f35e1b516d23) Generated GUIDs only implemented for interfaces!
 -> (artifact id: 'ddb33e83e8ea5f38909b63c9b0a0a4b7') in 0.004234 seconds 
========================================================================
Received Import Request.
  Time since last request: 0.000023 seconds.
  path: Assets/GameFramework/Scripts/Runtime/Resource/ResourceUpdateStartEventArgs.cs
  artifactKey: Guid(b52ac443f249b2549827406d63bcbc57) Importer(2089858483,0ecaa5967403d082aa24f35e1b516d23)
Start importing Assets/GameFramework/Scripts/Runtime/Resource/ResourceUpdateStartEventArgs.cs using Guid(b52ac443f249b2549827406d63bcbc57) Importer(2089858483,0ecaa5967403d082aa24f35e1b516d23) Generated GUIDs only implemented for interfaces!
 -> (artifact id: '9e5d3ba824ae4bfc094220eaf24caebe') in 0.004344 seconds 
========================================================================
Received Import Request.
  Time since last request: 0.241034 seconds.
  path: Assets/GameMain/Scripts/Editor/DataTableGenerator/DataTableProcessor.Int64Processor.cs
  artifactKey: Guid(d6dadc699adc6744e898979b1e85d6cf) Importer(2089858483,0ecaa5967403d082aa24f35e1b516d23)
Start importing Assets/GameMain/Scripts/Editor/DataTableGenerator/DataTableProcessor.Int64Processor.cs using Guid(d6dadc699adc6744e898979b1e85d6cf) Importer(2089858483,0ecaa5967403d082aa24f35e1b516d23) Generated GUIDs only implemented for interfaces!
 -> (artifact id: 'af4cc3ca5c5fc38d43bf80515bbafaf1') in 0.248959 seconds 
========================================================================
Received Import Request.
  Time since last request: 0.000020 seconds.
  path: Assets/GameMain/Scripts/Entity/EntityData/EffectData.cs
  artifactKey: Guid(e5b93dcbe30421a429c196bda0af31ed) Importer(2089858483,0ecaa5967403d082aa24f35e1b516d23)
Start importing Assets/GameMain/Scripts/Entity/EntityData/EffectData.cs using Guid(e5b93dcbe30421a429c196bda0af31ed) Importer(2089858483,0ecaa5967403d082aa24f35e1b516d23) Generated GUIDs only implemented for interfaces!
 -> (artifact id: '14993a80b1b0afc2859be6298778dd8b') in 0.010246 seconds 
========================================================================
Received Import Request.
  Time since last request: 0.000030 seconds.
  path: Assets/GameFramework/Libraries/GameFramework/Base/Variable/GenericVariable.cs
  artifactKey: Guid(11bbdbb0a5190f74db8fb0197a6f182b) Importer(2089858483,0ecaa5967403d082aa24f35e1b516d23)
Start importing Assets/GameFramework/Libraries/GameFramework/Base/Variable/GenericVariable.cs using Guid(11bbdbb0a5190f74db8fb0197a6f182b) Importer(2089858483,0ecaa5967403d082aa24f35e1b516d23) Generated GUIDs only implemented for interfaces!
 -> (artifact id: 'a822edb016b6d8097e373b4910ae40d2') in 0.005498 seconds 
========================================================================
Received Import Request.
  Time since last request: 0.000017 seconds.
  path: Assets/GameFramework/Libraries/GameFramework/Base/EventPool/EventPool.cs
  artifactKey: Guid(31d009bda418d914f8a5f511cf26bb69) Importer(2089858483,0ecaa5967403d082aa24f35e1b516d23)
Start importing Assets/GameFramework/Libraries/GameFramework/Base/EventPool/EventPool.cs using Guid(31d009bda418d914f8a5f511cf26bb69) Importer(2089858483,0ecaa5967403d082aa24f35e1b516d23) Generated GUIDs only implemented for interfaces!
 -> (artifact id: '4d3d46439f725b3765c1e1e108231a6b') in 0.003632 seconds 
========================================================================
Received Import Request.
  Time since last request: 0.000021 seconds.
  path: Assets/GameMain/Scripts/Network/Packet/CSHeartBeat.cs
  artifactKey: Guid(bae20fa3c2aff8147a2e6dfa010dd09f) Importer(2089858483,0ecaa5967403d082aa24f35e1b516d23)
Start importing Assets/GameMain/Scripts/Network/Packet/CSHeartBeat.cs using Guid(bae20fa3c2aff8147a2e6dfa010dd09f) Importer(2089858483,0ecaa5967403d082aa24f35e1b516d23) Generated GUIDs only implemented for interfaces!
 -> (artifact id: 'dde9a64d83d41bac11c517f2366df288') in 0.004220 seconds 
========================================================================
Received Import Request.
  Time since last request: 0.000018 seconds.
  path: Assets/GameFramework/Libraries/GameFramework/Base/DataStruct/TypeNamePair.cs
  artifactKey: Guid(3137296e063923443be44827341894cf) Importer(2089858483,0ecaa5967403d082aa24f35e1b516d23)
Start importing Assets/GameFramework/Libraries/GameFramework/Base/DataStruct/TypeNamePair.cs using Guid(3137296e063923443be44827341894cf) Importer(2089858483,0ecaa5967403d082aa24f35e1b516d23) Generated GUIDs only implemented for interfaces!
 -> (artifact id: 'af8b55d4d2a02f05ed160caafe2c5800') in 0.004051 seconds 
========================================================================
Received Import Request.
  Time since last request: 0.000018 seconds.
  path: Assets/GameMain/Scripts/Editor/DataTableGenerator/DataTableProcessor.UInt16Processor.cs
  artifactKey: Guid(20f758534f1981b4593f97deb2a5ae25) Importer(2089858483,0ecaa5967403d082aa24f35e1b516d23)
Start importing Assets/GameMain/Scripts/Editor/DataTableGenerator/DataTableProcessor.UInt16Processor.cs using Guid(20f758534f1981b4593f97deb2a5ae25) Importer(2089858483,0ecaa5967403d082aa24f35e1b516d23) Generated GUIDs only implemented for interfaces!
 -> (artifact id: '4f61ff72c45f554cc5edd267d3c1dbb5') in 0.004604 seconds 
========================================================================
Received Import Request.
  Time since last request: 0.000021 seconds.
  path: Assets/GameMain/Scripts/Entity/EntityData/AccessoryObjectData.cs
  artifactKey: Guid(83cb841b7411a844581691d5547bf866) Importer(2089858483,0ecaa5967403d082aa24f35e1b516d23)
Start importing Assets/GameMain/Scripts/Entity/EntityData/AccessoryObjectData.cs using Guid(83cb841b7411a844581691d5547bf866) Importer(2089858483,0ecaa5967403d082aa24f35e1b516d23) Generated GUIDs only implemented for interfaces!
 -> (artifact id: '4038768e10e11d69905c724ed2da8177') in 0.004553 seconds 
========================================================================
Received Import Request.
  Time since last request: 0.000023 seconds.
  path: Assets/GameFramework/Libraries/GameFramework/Base/DataProvider/ReadDataSuccessEventArgs.cs
  artifactKey: Guid(118dadd46ce820f46aea915b87be1221) Importer(2089858483,0ecaa5967403d082aa24f35e1b516d23)
Start importing Assets/GameFramework/Libraries/GameFramework/Base/DataProvider/ReadDataSuccessEventArgs.cs using Guid(118dadd46ce820f46aea915b87be1221) Importer(2089858483,0ecaa5967403d082aa24f35e1b516d23) Generated GUIDs only implemented for interfaces!
 -> (artifact id: 'fb0cb133cca1ba20048e8d3358c505ef') in 0.008222 seconds 
========================================================================
Received Import Request.
  Time since last request: 0.000018 seconds.
  path: Assets/GameMain/Scripts/Entity/EntityData/BulletData.cs
  artifactKey: Guid(16371cc6e2112964d8b5bf7400c862cd) Importer(2089858483,0ecaa5967403d082aa24f35e1b516d23)
Start importing Assets/GameMain/Scripts/Entity/EntityData/BulletData.cs using Guid(16371cc6e2112964d8b5bf7400c862cd) Importer(2089858483,0ecaa5967403d082aa24f35e1b516d23) Generated GUIDs only implemented for interfaces!
 -> (artifact id: 'ed31a48e591b3d4f32098d0e6e5e6ef5') in 0.005941 seconds 
========================================================================
Received Import Request.
  Time since last request: 0.000022 seconds.
  path: Assets/GameFramework/Libraries/GameFramework/Base/TaskPool/TaskStatus.cs
  artifactKey: Guid(cbe6ab09c1e7b7240a26ef2c34738289) Importer(2089858483,0ecaa5967403d082aa24f35e1b516d23)
Start importing Assets/GameFramework/Libraries/GameFramework/Base/TaskPool/TaskStatus.cs using Guid(cbe6ab09c1e7b7240a26ef2c34738289) Importer(2089858483,0ecaa5967403d082aa24f35e1b516d23) Generated GUIDs only implemented for interfaces!
 -> (artifact id: '1eae734f3b66145c62e4b495a867fa28') in 0.005107 seconds 
========================================================================
Received Import Request.
  Time since last request: 0.000017 seconds.
  path: Assets/GameFramework/Libraries/GameFramework/Base/DataProvider/IDataProviderHelper.cs
  artifactKey: Guid(d67c1b6158991a943a761cd49f23cd00) Importer(2089858483,0ecaa5967403d082aa24f35e1b516d23)
Start importing Assets/GameFramework/Libraries/GameFramework/Base/DataProvider/IDataProviderHelper.cs using Guid(d67c1b6158991a943a761cd49f23cd00) Importer(2089858483,0ecaa5967403d082aa24f35e1b516d23) Generated GUIDs only implemented for interfaces!
 -> (artifact id: 'a6ddaccde91841a3aecea1fd7bdf0af4') in 0.005372 seconds 
========================================================================
Received Import Request.
  Time since last request: 0.000018 seconds.
  path: Assets/GameMain/UI/UISprites/Logos/unity-logo.png
  artifactKey: Guid(7f5aee8da226edf4991598327cb32ce0) Importer(2089858483,0ecaa5967403d082aa24f35e1b516d23)
Start importing Assets/GameMain/UI/UISprites/Logos/unity-logo.png using Guid(7f5aee8da226edf4991598327cb32ce0) Importer(2089858483,0ecaa5967403d082aa24f35e1b516d23) Generated GUIDs only implemented for interfaces!
 -> (artifact id: '9d0de7a502636d7bc7a17cfe2d568932') in 0.110940 seconds 
========================================================================
Received Import Request.
  Time since last request: 0.000021 seconds.
  path: Assets/GameFramework/Libraries/GameFramework/Base/ReferencePool/ReferencePoolInfo.cs
  artifactKey: Guid(f7652d83d7675224e9e7990aae7773a7) Importer(2089858483,0ecaa5967403d082aa24f35e1b516d23)
Start importing Assets/GameFramework/Libraries/GameFramework/Base/ReferencePool/ReferencePoolInfo.cs using Guid(f7652d83d7675224e9e7990aae7773a7) Importer(2089858483,0ecaa5967403d082aa24f35e1b516d23) Generated GUIDs only implemented for interfaces!
 -> (artifact id: '8185c6289735b2dc29a57f60e6850ea5') in 0.003963 seconds 
========================================================================
Received Import Request.
  Time since last request: 0.000030 seconds.
  path: Assets/GameMain/Scripts/Entity/EntityLogic/TargetableObject.cs
  artifactKey: Guid(4a1fd351b05d994459122be1a39507b1) Importer(2089858483,0ecaa5967403d082aa24f35e1b516d23)
Start importing Assets/GameMain/Scripts/Entity/EntityLogic/TargetableObject.cs using Guid(4a1fd351b05d994459122be1a39507b1) Importer(2089858483,0ecaa5967403d082aa24f35e1b516d23) Generated GUIDs only implemented for interfaces!
 -> (artifact id: 'ce11e192c4effa814f3c7de9c8566d4d') in 0.003763 seconds 
========================================================================
Received Import Request.
  Time since last request: 0.000016 seconds.
  path: Assets/GameFramework/Libraries/GameFramework/Base/Version/Version.cs
  artifactKey: Guid(c6d9c59bc956acf46b0e35698b9799ce) Importer(2089858483,0ecaa5967403d082aa24f35e1b516d23)
Start importing Assets/GameFramework/Libraries/GameFramework/Base/Version/Version.cs using Guid(c6d9c59bc956acf46b0e35698b9799ce) Importer(2089858483,0ecaa5967403d082aa24f35e1b516d23) Generated GUIDs only implemented for interfaces!
 -> (artifact id: 'f12b3a22af9679e2808a03d9993f92db') in 0.023368 seconds 
========================================================================
Received Import Request.
  Time since last request: 0.000017 seconds.
  path: Assets/GameMain/UI/UISprites/Common/background.png
  artifactKey: Guid(cadd0764941c8b646ae79b51d0ea8285) Importer(2089858483,0ecaa5967403d082aa24f35e1b516d23)
Start importing Assets/GameMain/UI/UISprites/Common/background.png using Guid(cadd0764941c8b646ae79b51d0ea8285) Importer(2089858483,0ecaa5967403d082aa24f35e1b516d23) Generated GUIDs only implemented for interfaces!
 -> (artifact id: '82b4bc9dcb81c996d83a8ffbd24c8023') in 0.016868 seconds 
========================================================================
Received Import Request.
  Time since last request: 0.000020 seconds.
  path: Assets/GameMain/Scripts/Entity/EntityData/AsteroidData.cs
  artifactKey: Guid(11ee635d1de70fb4796d187869bc1c7b) Importer(2089858483,0ecaa5967403d082aa24f35e1b516d23)
Start importing Assets/GameMain/Scripts/Entity/EntityData/AsteroidData.cs using Guid(11ee635d1de70fb4796d187869bc1c7b) Importer(2089858483,0ecaa5967403d082aa24f35e1b516d23) Generated GUIDs only implemented for interfaces!
 -> (artifact id: 'db84677e730c1cdd509e15e8a6579f04') in 0.004171 seconds 
========================================================================
Received Import Request.
  Time since last request: 0.000019 seconds.
  path: Assets/GameMain/Scripts/Entity/EntityData/AircraftData.cs
  artifactKey: Guid(ac7fd4913c0cf124d8998eec4065d726) Importer(2089858483,0ecaa5967403d082aa24f35e1b516d23)
Start importing Assets/GameMain/Scripts/Entity/EntityData/AircraftData.cs using Guid(ac7fd4913c0cf124d8998eec4065d726) Importer(2089858483,0ecaa5967403d082aa24f35e1b516d23) Generated GUIDs only implemented for interfaces!
 -> (artifact id: 'e10eab7ec126dd87133103f88d36a402') in 0.005596 seconds 
========================================================================
Received Import Request.
  Time since last request: 0.000018 seconds.
  path: Assets/GameMain/UI/UISprites/Common/info.png
  artifactKey: Guid(0179316b5fc7c2946a67c5877c02fc30) Importer(2089858483,0ecaa5967403d082aa24f35e1b516d23)
Start importing Assets/GameMain/UI/UISprites/Common/info.png using Guid(0179316b5fc7c2946a67c5877c02fc30) Importer(2089858483,0ecaa5967403d082aa24f35e1b516d23) Generated GUIDs only implemented for interfaces!
 -> (artifact id: 'a6040fb84825a1220f3d1b20751f08ea') in 0.013802 seconds 
========================================================================
Received Prepare
Refreshing native plugins compatible for Editor in 3.20 ms, found 3 plugins.
Preloading 0 native plugins for Editor in 0.00 ms.
Unloading 20 Unused Serialized files (Serialized files now loaded: 0)
Unloading 20 unused Assets / (21.9 KB). Loaded Objects now: 4458.
Memory consumption went from 55.2 MB to 55.2 MB.
Total: 2.893800 ms (FindLiveObjects: 0.283400 ms CreateObjectMapping: 0.243900 ms MarkObjects: 2.337700 ms  DeleteObjects: 0.027700 ms)

AssetImportParameters requested are different than current active one (requested -> active):
  custom:video-decoder-ogg-theora: a1e56fd34408186e4bbccfd4996cb3dc -> 
  custom:container-muxer-webm: aa71ff27fc2769a1b78a27578f13a17b -> 
  custom:container-demuxer-webm: 4f35f7cbe854078d1ac9338744f61a02 -> 
  custom:video-encoder-webm-vp8: eb34c28f22e8b96e1ab97ce403110664 -> 
  custom:audio-encoder-webm-vorbis: bf7c407c2cedff20999df2af8eb42d56 -> 
  custom:framework-win-MediaFoundation: 216162199b28c13a410421893ffa2e32 -> 
  custom:SearchIndexIgnoredProperties: e643bd26f0fe6173181afceb89e7c659 -> 
  custom:container-demuxer-ogg: 62fdf1f143b41e24485cea50d1cbac27 -> 
  custom:video-decoder-webm-vp8: 9c59270c3fd7afecdb556c50c9e8de78 -> 
  custom:audio-decoder-ogg-vorbis: bf7c407c2cedff20999df2af8eb42d56 -> 
========================================================================
Received Prepare
Registering precompiled user dll's ...
Registered in 0.007443 seconds.
Begin MonoManager ReloadAssembly
Symbol file LoadedFromMemory doesn't match image D:\Learn\Unity_Learn\UGF\StarForce\Library\PackageCache\com.unity.visualscripting@1.7.8\Editor\VisualScripting.Core\Dependencies\YamlDotNet\Unity.VisualScripting.YamlDotNet.dll
Symbol file LoadedFromMemory doesn't match image D:\Learn\Unity_Learn\UGF\StarForce\Library\PackageCache\com.unity.visualscripting@1.7.8\Editor\VisualScripting.Core\Dependencies\DotNetZip\Unity.VisualScripting.IonicZip.dll
Native extension for WindowsStandalone target not found
Native extension for iOS target not found
Native extension for Android target not found
Refreshing native plugins compatible for Editor in 0.46 ms, found 3 plugins.
Preloading 0 native plugins for Editor in 0.00 ms.
Mono: successfully reloaded assembly
- Completed reload, in  1.369 seconds
Domain Reload Profiling:
	ReloadAssembly (1461ms)
		BeginReloadAssembly (293ms)
			ExecutionOrderSort (0ms)
			DisableScriptedObjects (71ms)
			BackupInstance (0ms)
			ReleaseScriptingObjects (0ms)
			CreateAndSetChildDomain (36ms)
		EndReloadAssembly (1081ms)
			LoadAssemblies (73ms)
			RebuildTransferFunctionScriptingTraits (0ms)
			SetupTypeCache (358ms)
			ReleaseScriptCaches (1ms)
			RebuildScriptCaches (31ms)
			SetupLoadedEditorAssemblies (359ms)
				LogAssemblyErrors (0ms)
				InitializePlatformSupportModulesInManaged (25ms)
				SetLoadedEditorAssemblies (0ms)
				RefreshPlugins (1ms)
				BeforeProcessingInitializeOnLoad (64ms)
				ProcessInitializeOnLoadAttributes (239ms)
				ProcessInitializeOnLoadMethodAttributes (21ms)
				AfterProcessingInitializeOnLoad (9ms)
				EditorAssembliesLoaded (0ms)
			ExecutionOrderSort2 (0ms)
			AwakeInstancesAfterBackupRestoration (17ms)
Platform modules already initialized, skipping
Refreshing native plugins compatible for Editor in 1.56 ms, found 3 plugins.
Preloading 0 native plugins for Editor in 0.00 ms.
Unloading 3993 Unused Serialized files (Serialized files now loaded: 0)
Unloading 20 unused Assets / (24.7 KB). Loaded Objects now: 4461.
Memory consumption went from 134.7 MB to 134.7 MB.
Total: 4.170100 ms (FindLiveObjects: 0.385900 ms CreateObjectMapping: 0.599500 ms MarkObjects: 2.906600 ms  DeleteObjects: 0.030800 ms)

AssetImportParameters requested are different than current active one (requested -> active):
  custom:video-decoder-ogg-theora: a1e56fd34408186e4bbccfd4996cb3dc -> 
  custom:container-muxer-webm: aa71ff27fc2769a1b78a27578f13a17b -> 
  custom:container-demuxer-webm: 4f35f7cbe854078d1ac9338744f61a02 -> 
  custom:video-encoder-webm-vp8: eb34c28f22e8b96e1ab97ce403110664 -> 
  custom:audio-encoder-webm-vorbis: bf7c407c2cedff20999df2af8eb42d56 -> 
  custom:framework-win-MediaFoundation: 216162199b28c13a410421893ffa2e32 -> 
  custom:SearchIndexIgnoredProperties: e643bd26f0fe6173181afceb89e7c659 -> 
  custom:container-demuxer-ogg: 62fdf1f143b41e24485cea50d1cbac27 -> 
  custom:video-decoder-webm-vp8: 9c59270c3fd7afecdb556c50c9e8de78 -> 
  custom:audio-decoder-ogg-vorbis: bf7c407c2cedff20999df2af8eb42d56 -> 
========================================================================
Received Prepare
Registering precompiled user dll's ...
Registered in 0.006626 seconds.
Begin MonoManager ReloadAssembly
Symbol file LoadedFromMemory doesn't match image D:\Learn\Unity_Learn\UGF\StarForce\Library\PackageCache\com.unity.visualscripting@1.7.8\Editor\VisualScripting.Core\Dependencies\YamlDotNet\Unity.VisualScripting.YamlDotNet.dll
Symbol file LoadedFromMemory doesn't match image D:\Learn\Unity_Learn\UGF\StarForce\Library\PackageCache\com.unity.visualscripting@1.7.8\Editor\VisualScripting.Core\Dependencies\DotNetZip\Unity.VisualScripting.IonicZip.dll
Native extension for WindowsStandalone target not found
Native extension for iOS target not found
Native extension for Android target not found
Refreshing native plugins compatible for Editor in 0.53 ms, found 3 plugins.
Preloading 0 native plugins for Editor in 0.00 ms.
Mono: successfully reloaded assembly
- Completed reload, in  0.776 seconds
Domain Reload Profiling:
	ReloadAssembly (776ms)
		BeginReloadAssembly (102ms)
			ExecutionOrderSort (0ms)
			DisableScriptedObjects (4ms)
			BackupInstance (0ms)
			ReleaseScriptingObjects (0ms)
			CreateAndSetChildDomain (29ms)
		EndReloadAssembly (591ms)
			LoadAssemblies (58ms)
			RebuildTransferFunctionScriptingTraits (0ms)
			SetupTypeCache (158ms)
			ReleaseScriptCaches (1ms)
			RebuildScriptCaches (29ms)
			SetupLoadedEditorAssemblies (298ms)
				LogAssemblyErrors (0ms)
				InitializePlatformSupportModulesInManaged (32ms)
				SetLoadedEditorAssemblies (0ms)
				RefreshPlugins (1ms)
				BeforeProcessingInitializeOnLoad (54ms)
				ProcessInitializeOnLoadAttributes (177ms)
				ProcessInitializeOnLoadMethodAttributes (24ms)
				AfterProcessingInitializeOnLoad (9ms)
				EditorAssembliesLoaded (0ms)
			ExecutionOrderSort2 (0ms)
			AwakeInstancesAfterBackupRestoration (5ms)
Platform modules already initialized, skipping
Refreshing native plugins compatible for Editor in 2.42 ms, found 3 plugins.
Preloading 0 native plugins for Editor in 0.00 ms.
Unloading 3993 Unused Serialized files (Serialized files now loaded: 0)
Unloading 20 unused Assets / (24.6 KB). Loaded Objects now: 4464.
Memory consumption went from 134.7 MB to 134.7 MB.
Total: 2.156200 ms (FindLiveObjects: 0.220900 ms CreateObjectMapping: 0.122200 ms MarkObjects: 1.787100 ms  DeleteObjects: 0.024900 ms)

AssetImportParameters requested are different than current active one (requested -> active):
  custom:video-decoder-ogg-theora: a1e56fd34408186e4bbccfd4996cb3dc -> 
  custom:container-muxer-webm: aa71ff27fc2769a1b78a27578f13a17b -> 
  custom:container-demuxer-webm: 4f35f7cbe854078d1ac9338744f61a02 -> 
  custom:video-encoder-webm-vp8: eb34c28f22e8b96e1ab97ce403110664 -> 
  custom:audio-encoder-webm-vorbis: bf7c407c2cedff20999df2af8eb42d56 -> 
  custom:framework-win-MediaFoundation: 216162199b28c13a410421893ffa2e32 -> 
  custom:SearchIndexIgnoredProperties: e643bd26f0fe6173181afceb89e7c659 -> 
  custom:container-demuxer-ogg: 62fdf1f143b41e24485cea50d1cbac27 -> 
  custom:video-decoder-webm-vp8: 9c59270c3fd7afecdb556c50c9e8de78 -> 
  custom:audio-decoder-ogg-vorbis: bf7c407c2cedff20999df2af8eb42d56 -> 
Editor requested this worker to shutdown with reason: Scaling down because of idle timeout
AssetImportWorkerClient::OnTransportError - code=2 error=End of file
AssetImportWorker is now disconnected from the server
Process exiting
Exiting without the bug reporter. Application will terminate with return code 0