Using pre-set license
Built from '2021.3/china_unity/release' branch; Version is '2021.3.5f1c1 (23e20ff61267) revision 2351631'; Using compiler version '192829333'; Build Type 'Release'
OS: 'Windows 11  (10.0.22621) 64bit Professional' Language: 'zh' Physical Memory: 32489 MB
BatchMode: 1, IsHumanControllingUs: 0, StartBugReporterOnCrash: 0, Is64bit: 1, IsPro: 1

COMMAND LINE ARGUMENTS:
C:\Program Files\Unity\Hub\Editor\2021.3.5f1c1\Editor\Unity.exe
-adb2
-batchMode
-noUpm
-name
AssetImportWorker3
-projectPath
D:/Learn/Unity_Learn/UGF/StarForce
-logFile
Logs/AssetImportWorker3.log
-srvPort
57816
Successfully changed project path to: D:/Learn/Unity_Learn/UGF/StarForce
D:/Learn/Unity_Learn/UGF/StarForce
[UnityMemory] Configuration Parameters - Can be set up in boot.config
    "memorysetup-bucket-allocator-granularity=16"
    "memorysetup-bucket-allocator-bucket-count=8"
    "memorysetup-bucket-allocator-block-size=33554432"
    "memorysetup-bucket-allocator-block-count=8"
    "memorysetup-main-allocator-block-size=16777216"
    "memorysetup-thread-allocator-block-size=16777216"
    "memorysetup-gfx-main-allocator-block-size=16777216"
    "memorysetup-gfx-thread-allocator-block-size=16777216"
    "memorysetup-cache-allocator-block-size=4194304"
    "memorysetup-typetree-allocator-block-size=2097152"
    "memorysetup-profiler-bucket-allocator-granularity=16"
    "memorysetup-profiler-bucket-allocator-bucket-count=8"
    "memorysetup-profiler-bucket-allocator-block-size=33554432"
    "memorysetup-profiler-bucket-allocator-block-count=8"
    "memorysetup-profiler-allocator-block-size=16777216"
    "memorysetup-profiler-editor-allocator-block-size=1048576"
    "memorysetup-temp-allocator-size-main=16777216"
    "memorysetup-job-temp-allocator-block-size=2097152"
    "memorysetup-job-temp-allocator-block-size-background=1048576"
    "memorysetup-job-temp-allocator-reduction-small-platforms=262144"
    "memorysetup-temp-allocator-size-background-worker=32768"
    "memorysetup-temp-allocator-size-job-worker=262144"
    "memorysetup-temp-allocator-size-preload-manager=33554432"
    "memorysetup-temp-allocator-size-nav-mesh-worker=65536"
    "memorysetup-temp-allocator-size-audio-worker=65536"
    "memorysetup-temp-allocator-size-cloud-worker=32768"
    "memorysetup-temp-allocator-size-gi-baking-worker=262144"
    "memorysetup-temp-allocator-size-gfx=262144"
AS: AutoStreaming module initializing.
Refreshing native plugins compatible for Editor in 60.36 ms, found 3 plugins.
Preloading 0 native plugins for Editor in 0.00 ms.
Initialize engine version: 2021.3.5f1c1 (23e20ff61267)
[Subsystems] Discovering subsystems at path C:/Program Files/Unity/Hub/Editor/2021.3.5f1c1/Editor/Data/Resources/UnitySubsystems
[Subsystems] Discovering subsystems at path D:/Learn/Unity_Learn/UGF/StarForce/Assets
GfxDevice: creating device client; threaded=0; jobified=0
Direct3D:
    Version:  Direct3D 11.0 [level 11.1]
    Renderer: NVIDIA GeForce GTX 1660 Ti (ID=0x2182)
    Vendor:   NVIDIA
    VRAM:     5979 MB
    Driver:   31.0.15.2824
Initialize mono
Mono path[0] = 'C:/Program Files/Unity/Hub/Editor/2021.3.5f1c1/Editor/Data/Managed'
Mono path[1] = 'C:/Program Files/Unity/Hub/Editor/2021.3.5f1c1/Editor/Data/MonoBleedingEdge/lib/mono/unityjit-win32'
Mono config path = 'C:/Program Files/Unity/Hub/Editor/2021.3.5f1c1/Editor/Data/MonoBleedingEdge/etc'
Using monoOptions --debugger-agent=transport=dt_socket,embedding=1,server=y,suspend=n,address=127.0.0.1:56872
Begin MonoManager ReloadAssembly
Registering precompiled unity dll's ...
Register platform support module: C:/Program Files/Unity/Hub/Editor/2021.3.5f1c1/Editor/Data/PlaybackEngines/AndroidPlayer/UnityEditor.Android.Extensions.dll
Register platform support module: C:/Program Files/Unity/Hub/Editor/2021.3.5f1c1/Editor/Data/PlaybackEngines/iOSSupport/UnityEditor.iOS.Extensions.dll
Register platform support module: C:/Program Files/Unity/Hub/Editor/2021.3.5f1c1/Editor/Data/PlaybackEngines/WindowsStandaloneSupport/UnityEditor.WindowsStandalone.Extensions.dll
Registered in 0.005419 seconds.
Native extension for WindowsStandalone target not found
[usbmuxd] Start listen thread
[usbmuxd] Listen thread started
Native extension for iOS target not found
Native extension for Android target not found
Refreshing native plugins compatible for Editor in 51.28 ms, found 3 plugins.
Preloading 0 native plugins for Editor in 0.00 ms.
Mono: successfully reloaded assembly
- Completed reload, in  0.441 seconds
Domain Reload Profiling:
	ReloadAssembly (442ms)
		BeginReloadAssembly (54ms)
			ExecutionOrderSort (0ms)
			DisableScriptedObjects (0ms)
			BackupInstance (0ms)
			ReleaseScriptingObjects (0ms)
			CreateAndSetChildDomain (1ms)
		EndReloadAssembly (314ms)
			LoadAssemblies (52ms)
			RebuildTransferFunctionScriptingTraits (0ms)
			SetupTypeCache (65ms)
			ReleaseScriptCaches (0ms)
			RebuildScriptCaches (21ms)
			SetupLoadedEditorAssemblies (191ms)
				LogAssemblyErrors (0ms)
				InitializePlatformSupportModulesInManaged (45ms)
				SetLoadedEditorAssemblies (0ms)
				RefreshPlugins (51ms)
				BeforeProcessingInitializeOnLoad (1ms)
				ProcessInitializeOnLoadAttributes (62ms)
				ProcessInitializeOnLoadMethodAttributes (32ms)
				AfterProcessingInitializeOnLoad (0ms)
				EditorAssembliesLoaded (0ms)
			ExecutionOrderSort2 (0ms)
			AwakeInstancesAfterBackupRestoration (0ms)
Platform modules already initialized, skipping
Registering precompiled user dll's ...
Registered in 0.007372 seconds.
Begin MonoManager ReloadAssembly
Symbol file LoadedFromMemory doesn't match image D:\Learn\Unity_Learn\UGF\StarForce\Library\PackageCache\com.unity.visualscripting@1.7.8\Editor\VisualScripting.Core\Dependencies\YamlDotNet\Unity.VisualScripting.YamlDotNet.dll
Symbol file LoadedFromMemory doesn't match image D:\Learn\Unity_Learn\UGF\StarForce\Library\PackageCache\com.unity.visualscripting@1.7.8\Editor\VisualScripting.Core\Dependencies\DotNetZip\Unity.VisualScripting.IonicZip.dll
Native extension for WindowsStandalone target not found
Native extension for iOS target not found
Native extension for Android target not found
Refreshing native plugins compatible for Editor in 0.52 ms, found 3 plugins.
Preloading 0 native plugins for Editor in 0.00 ms.
Mono: successfully reloaded assembly
- Completed reload, in  0.961 seconds
Domain Reload Profiling:
	ReloadAssembly (962ms)
		BeginReloadAssembly (311ms)
			ExecutionOrderSort (0ms)
			DisableScriptedObjects (4ms)
			BackupInstance (0ms)
			ReleaseScriptingObjects (0ms)
			CreateAndSetChildDomain (243ms)
		EndReloadAssembly (573ms)
			LoadAssemblies (60ms)
			RebuildTransferFunctionScriptingTraits (0ms)
			SetupTypeCache (154ms)
			ReleaseScriptCaches (0ms)
			RebuildScriptCaches (43ms)
			SetupLoadedEditorAssemblies (275ms)
				LogAssemblyErrors (0ms)
				InitializePlatformSupportModulesInManaged (19ms)
				SetLoadedEditorAssemblies (0ms)
				RefreshPlugins (1ms)
				BeforeProcessingInitializeOnLoad (59ms)
				ProcessInitializeOnLoadAttributes (168ms)
				ProcessInitializeOnLoadMethodAttributes (20ms)
				AfterProcessingInitializeOnLoad (8ms)
				EditorAssembliesLoaded (0ms)
			ExecutionOrderSort2 (0ms)
			AwakeInstancesAfterBackupRestoration (6ms)
Platform modules already initialized, skipping
========================================================================
Worker process is ready to serve import requests
Launched and connected shader compiler UnityShaderCompiler.exe after 0.10 seconds
Refreshing native plugins compatible for Editor in 0.89 ms, found 3 plugins.
Preloading 0 native plugins for Editor in 0.00 ms.
Unloading 4058 Unused Serialized files (Serialized files now loaded: 0)
Unloading 32 unused Assets / (55.4 KB). Loaded Objects now: 4520.
Memory consumption went from 138.3 MB to 138.3 MB.
Total: 3.453300 ms (FindLiveObjects: 0.254400 ms CreateObjectMapping: 0.117000 ms MarkObjects: 2.985400 ms  DeleteObjects: 0.095000 ms)

AssetImportParameters requested are different than current active one (requested -> active):
  custom:video-decoder-ogg-theora: a1e56fd34408186e4bbccfd4996cb3dc -> 
  custom:container-muxer-webm: aa71ff27fc2769a1b78a27578f13a17b -> 
  custom:container-demuxer-webm: 4f35f7cbe854078d1ac9338744f61a02 -> 
  custom:video-encoder-webm-vp8: eb34c28f22e8b96e1ab97ce403110664 -> 
  custom:audio-encoder-webm-vorbis: bf7c407c2cedff20999df2af8eb42d56 -> 
  custom:framework-win-MediaFoundation: 216162199b28c13a410421893ffa2e32 -> 
  custom:container-demuxer-ogg: 62fdf1f143b41e24485cea50d1cbac27 -> 
  custom:video-decoder-webm-vp8: 9c59270c3fd7afecdb556c50c9e8de78 -> 
  custom:audio-decoder-ogg-vorbis: bf7c407c2cedff20999df2af8eb42d56 -> 
========================================================================
Received Import Request.
  Time since last request: 34347.493905 seconds.
  path: Assets/The War Gods vol.1/Assets/VoxModels/Hamvy/hamvy_haki.vox
  artifactKey: Guid(7269cd774f229bf47bc2654f70551224) Importer(2089858483,0ecaa5967403d082aa24f35e1b516d23)
Start importing Assets/The War Gods vol.1/Assets/VoxModels/Hamvy/hamvy_haki.vox using Guid(7269cd774f229bf47bc2654f70551224) Importer(2089858483,0ecaa5967403d082aa24f35e1b516d23) Generated GUIDs only implemented for interfaces!
 -> (artifact id: '375a4a4ad88edfc27ae6d23a279e8040') in 0.062491 seconds 
========================================================================
Received Import Request.
  Time since last request: 0.000022 seconds.
  path: Assets/The War Gods vol.1/Assets/Meshes/Tigr/tigr_haki.obj
  artifactKey: Guid(b67a7efe716e3eb4cacdf9c49aa01054) Importer(2089858483,0ecaa5967403d082aa24f35e1b516d23)
Start importing Assets/The War Gods vol.1/Assets/Meshes/Tigr/tigr_haki.obj using Guid(b67a7efe716e3eb4cacdf9c49aa01054) Importer(2089858483,0ecaa5967403d082aa24f35e1b516d23) Generated GUIDs only implemented for interfaces!
 -> (artifact id: 'd5d6bb43b9ca94ac9802005a3e52bcc4') in 0.185600 seconds 
========================================================================
Received Import Request.
  Time since last request: 0.000024 seconds.
  path: Assets/TankConstructor/Images/Guns/SmallGunC.png
  artifactKey: Guid(c6e5d078bcdd07746ace23393ca0db59) Importer(2089858483,0ecaa5967403d082aa24f35e1b516d23)
Start importing Assets/TankConstructor/Images/Guns/SmallGunC.png using Guid(c6e5d078bcdd07746ace23393ca0db59) Importer(2089858483,0ecaa5967403d082aa24f35e1b516d23) Generated GUIDs only implemented for interfaces!
 -> (artifact id: '6449845ab359f7b69dbde1b564f70e7a') in 0.571264 seconds 
========================================================================
Received Import Request.
  Time since last request: 0.000034 seconds.
  path: Assets/The War Gods vol.1/Assets/Texture/Tigr/tigr.png
  artifactKey: Guid(46eff0b039dc5c64ca475378fbe22dc6) Importer(2089858483,0ecaa5967403d082aa24f35e1b516d23)
Start importing Assets/The War Gods vol.1/Assets/Texture/Tigr/tigr.png using Guid(46eff0b039dc5c64ca475378fbe22dc6) Importer(2089858483,0ecaa5967403d082aa24f35e1b516d23) Generated GUIDs only implemented for interfaces!
 -> (artifact id: '61d74feaafb01b7a97babe4b365da4b1') in 0.020294 seconds 
========================================================================
Received Import Request.
  Time since last request: 0.000024 seconds.
  path: Assets/GameMain/Entities/T90U5prefabs/T90LP ForrestWavyCamo.prefab
  artifactKey: Guid(7ec0249beb2a6944c8d54d4a46ef1b27) Importer(2089858483,0ecaa5967403d082aa24f35e1b516d23)
Start importing Assets/GameMain/Entities/T90U5prefabs/T90LP ForrestWavyCamo.prefab using Guid(7ec0249beb2a6944c8d54d4a46ef1b27) Importer(2089858483,0ecaa5967403d082aa24f35e1b516d23) Generated GUIDs only implemented for interfaces!
 -> (artifact id: '1699337a00fec700a141bd1f6054cbec') in 0.043705 seconds 
========================================================================
Received Import Request.
  Time since last request: 0.000022 seconds.
  path: Assets/TankConstructor/Images/Hulls/SmallHullC.png
  artifactKey: Guid(e722d640e03e2154d89310b4e8b374db) Importer(2089858483,0ecaa5967403d082aa24f35e1b516d23)
Start importing Assets/TankConstructor/Images/Hulls/SmallHullC.png using Guid(e722d640e03e2154d89310b4e8b374db) Importer(2089858483,0ecaa5967403d082aa24f35e1b516d23) Generated GUIDs only implemented for interfaces!
 -> (artifact id: '93c16d9787d2a2280782852812d90cfc') in 0.083132 seconds 
========================================================================
Received Import Request.
  Time since last request: 0.000021 seconds.
  path: Assets/TankConstructor/Images/Towers/RocketLauncher.png
  artifactKey: Guid(db9044ee40360124a8c0c0169a8bfe87) Importer(2089858483,0ecaa5967403d082aa24f35e1b516d23)
Start importing Assets/TankConstructor/Images/Towers/RocketLauncher.png using Guid(db9044ee40360124a8c0c0169a8bfe87) Importer(2089858483,0ecaa5967403d082aa24f35e1b516d23) Generated GUIDs only implemented for interfaces!
 -> (artifact id: '3436d7acff4ee537621b2f3f23da468b') in 0.098175 seconds 
========================================================================
Received Import Request.
  Time since last request: 0.000022 seconds.
  path: Assets/GameMain/Textures/T90Textures/Aditional/DefaultMaterial_Normal_OpenGL.jpg
  artifactKey: Guid(cfc0879360b82ae4881f840017653531) Importer(2089858483,0ecaa5967403d082aa24f35e1b516d23)
Start importing Assets/GameMain/Textures/T90Textures/Aditional/DefaultMaterial_Normal_OpenGL.jpg using Guid(cfc0879360b82ae4881f840017653531) Importer(2089858483,0ecaa5967403d082aa24f35e1b516d23) Generated GUIDs only implemented for interfaces!
 -> (artifact id: '0fe031ed7426d18ae2a16e7415a0cd62') in 0.058359 seconds 
========================================================================
Received Import Request.
  Time since last request: 0.000030 seconds.
  path: Assets/The War Gods vol.1/Assets/Scenes/Bonus/ArmataTeamSnow.unity
  artifactKey: Guid(5e2728b14f69b0548836e98470281d01) Importer(2089858483,0ecaa5967403d082aa24f35e1b516d23)
Start importing Assets/The War Gods vol.1/Assets/Scenes/Bonus/ArmataTeamSnow.unity using Guid(5e2728b14f69b0548836e98470281d01) Importer(2089858483,0ecaa5967403d082aa24f35e1b516d23) Generated GUIDs only implemented for interfaces!
 -> (artifact id: 'e9a5d313101390e23088186a44ee9686') in 0.142977 seconds 
========================================================================
Received Import Request.
  Time since last request: 0.000020 seconds.
  path: Assets/The War Gods vol.1/Assets/Prefabs/Tigr/tigr.prefab
  artifactKey: Guid(e21f6386fc25ce643add2df5ff2f1631) Importer(2089858483,0ecaa5967403d082aa24f35e1b516d23)
Start importing Assets/The War Gods vol.1/Assets/Prefabs/Tigr/tigr.prefab using Guid(e21f6386fc25ce643add2df5ff2f1631) Importer(2089858483,0ecaa5967403d082aa24f35e1b516d23) Generated GUIDs only implemented for interfaces!
 -> (artifact id: '23be38254ce7eb5e36e1743100060273') in 0.149735 seconds 
========================================================================
Received Import Request.
  Time since last request: 0.000023 seconds.
  path: Assets/The War Gods vol.1/Assets/Materials/Hamvy/hamvy.mat
  artifactKey: Guid(5f6911ef8c0907c41abf628a4576169a) Importer(2089858483,0ecaa5967403d082aa24f35e1b516d23)
Start importing Assets/The War Gods vol.1/Assets/Materials/Hamvy/hamvy.mat using Guid(5f6911ef8c0907c41abf628a4576169a) Importer(2089858483,0ecaa5967403d082aa24f35e1b516d23) Generated GUIDs only implemented for interfaces!
 -> (artifact id: '09373395668eebf6ff39a1b53a14c1ec') in 1.016640 seconds 
========================================================================
Received Import Request.
  Time since last request: 0.000029 seconds.
  path: Assets/The War Gods vol.1/Assets/Meshes/Abrams/Materials/abrams_green_0_Mat.mat
  artifactKey: Guid(5b45a552115f73447b236935f2e8ffa6) Importer(2089858483,0ecaa5967403d082aa24f35e1b516d23)
Start importing Assets/The War Gods vol.1/Assets/Meshes/Abrams/Materials/abrams_green_0_Mat.mat using Guid(5b45a552115f73447b236935f2e8ffa6) Importer(2089858483,0ecaa5967403d082aa24f35e1b516d23) Generated GUIDs only implemented for interfaces!
 -> (artifact id: '8472ae3b86edb69bb28d185b4a1ca5c3') in 0.132592 seconds 
========================================================================
Received Import Request.
  Time since last request: 0.000024 seconds.
  path: Assets/The War Gods vol.1/Assets/Materials/Bonus/soldier_01.mat
  artifactKey: Guid(6548792b7f4b4cf499513c5369007b90) Importer(2089858483,0ecaa5967403d082aa24f35e1b516d23)
Start importing Assets/The War Gods vol.1/Assets/Materials/Bonus/soldier_01.mat using Guid(6548792b7f4b4cf499513c5369007b90) Importer(2089858483,0ecaa5967403d082aa24f35e1b516d23) Generated GUIDs only implemented for interfaces!
 -> (artifact id: '19177e5abeb6418fca77528875334156') in 0.044157 seconds 
========================================================================
Received Import Request.
  Time since last request: 0.000023 seconds.
  path: Assets/The War Gods vol.1/Assets/Meshes/Tigr/Materials/tigr_gray_0_Mat.mat
  artifactKey: Guid(a56636343f460c74494cf20591729360) Importer(2089858483,0ecaa5967403d082aa24f35e1b516d23)
Start importing Assets/The War Gods vol.1/Assets/Meshes/Tigr/Materials/tigr_gray_0_Mat.mat using Guid(a56636343f460c74494cf20591729360) Importer(2089858483,0ecaa5967403d082aa24f35e1b516d23) Generated GUIDs only implemented for interfaces!
 -> (artifact id: 'fd0ece3c4e0d76708206721dfaf4033a') in 0.095178 seconds 
========================================================================
Received Import Request.
  Time since last request: 0.000030 seconds.
  path: Assets/The War Gods vol.1/Assets/Meshes/Tigr/Materials
  artifactKey: Guid(de21a68fb582f954cb70092dc3780056) Importer(2089858483,0ecaa5967403d082aa24f35e1b516d23)
Start importing Assets/The War Gods vol.1/Assets/Meshes/Tigr/Materials using Guid(de21a68fb582f954cb70092dc3780056) Importer(2089858483,0ecaa5967403d082aa24f35e1b516d23) Generated GUIDs only implemented for interfaces!
 -> (artifact id: 'fba7b667f3c241a68bedd5a53ccd3d5f') in 0.005745 seconds 
========================================================================
Received Import Request.
  Time since last request: 0.000019 seconds.
  path: Assets/The War Gods vol.1/Assets/Scenes/Hamvy.unity
  artifactKey: Guid(dc735d0fad2270742879b7594fed3d9d) Importer(2089858483,0ecaa5967403d082aa24f35e1b516d23)
Start importing Assets/The War Gods vol.1/Assets/Scenes/Hamvy.unity using Guid(dc735d0fad2270742879b7594fed3d9d) Importer(2089858483,0ecaa5967403d082aa24f35e1b516d23) Generated GUIDs only implemented for interfaces!
 -> (artifact id: '834427328082a945ea587da37bbbaa5f') in 0.003526 seconds 
========================================================================
Received Import Request.
  Time since last request: 0.000019 seconds.
  path: Assets/The War Gods vol.1/Assets/VoxModels/Armata/armata_gray.vox
  artifactKey: Guid(c644530a7dda2c449ab1ba1ca5ac6f8c) Importer(2089858483,0ecaa5967403d082aa24f35e1b516d23)
Start importing Assets/The War Gods vol.1/Assets/VoxModels/Armata/armata_gray.vox using Guid(c644530a7dda2c449ab1ba1ca5ac6f8c) Importer(2089858483,0ecaa5967403d082aa24f35e1b516d23) Generated GUIDs only implemented for interfaces!
 -> (artifact id: '8625fb4069fba32ea753398dc5f3040d') in 0.007088 seconds 
========================================================================
Received Import Request.
  Time since last request: 0.000021 seconds.
  path: Assets/The War Gods vol.1/Assets/Meshes/Tigr/tigr.obj
  artifactKey: Guid(34929f4bd6eac0c4ba2554c9a375f564) Importer(2089858483,0ecaa5967403d082aa24f35e1b516d23)
Start importing Assets/The War Gods vol.1/Assets/Meshes/Tigr/tigr.obj using Guid(34929f4bd6eac0c4ba2554c9a375f564) Importer(2089858483,0ecaa5967403d082aa24f35e1b516d23) Generated GUIDs only implemented for interfaces!
 -> (artifact id: 'a95f89c85bcb13e689ef0dac49df8896') in 0.116726 seconds 
========================================================================
Received Import Request.
  Time since last request: 0.000023 seconds.
  path: Assets/The War Gods vol.1/Assets/VoxModels/Tigr
  artifactKey: Guid(7fd336f71e34fdc408e5ba9a5ff22928) Importer(2089858483,0ecaa5967403d082aa24f35e1b516d23)
Start importing Assets/The War Gods vol.1/Assets/VoxModels/Tigr using Guid(7fd336f71e34fdc408e5ba9a5ff22928) Importer(2089858483,0ecaa5967403d082aa24f35e1b516d23) Generated GUIDs only implemented for interfaces!
 -> (artifact id: '2594563dfd9399d71710bab1c366a6c2') in 0.002995 seconds 
========================================================================
Received Import Request.
  Time since last request: 0.000024 seconds.
  path: Assets/TankConstructor/Images/Towers/HeavyTowerA.png
  artifactKey: Guid(f1ccc39a0a85606479e4fcb6e5ae2aa3) Importer(2089858483,0ecaa5967403d082aa24f35e1b516d23)
Start importing Assets/TankConstructor/Images/Towers/HeavyTowerA.png using Guid(f1ccc39a0a85606479e4fcb6e5ae2aa3) Importer(2089858483,0ecaa5967403d082aa24f35e1b516d23) Generated GUIDs only implemented for interfaces!
 -> (artifact id: 'd4911e2821f05191b1211526825de191') in 0.165188 seconds 
========================================================================
Received Import Request.
  Time since last request: 0.000035 seconds.
  path: Assets/GameMain/Scripts/LogicShared/FileLoader/DefaultFileLoader.cs
  artifactKey: Guid(7036c001f8a245af8b003bea762529da) Importer(2089858483,0ecaa5967403d082aa24f35e1b516d23)
Start importing Assets/GameMain/Scripts/LogicShared/FileLoader/DefaultFileLoader.cs using Guid(7036c001f8a245af8b003bea762529da) Importer(2089858483,0ecaa5967403d082aa24f35e1b516d23) Generated GUIDs only implemented for interfaces!
 -> (artifact id: '8290772fc44963ee9e2c3cf316b7da79') in 0.007821 seconds 
========================================================================
Received Import Request.
  Time since last request: 0.000021 seconds.
  path: Assets/The War Gods vol.1/Assets/Materials/Tigr/tigr_haki.mat
  artifactKey: Guid(50eb662f6f8ff9644b1ab64e52a82467) Importer(2089858483,0ecaa5967403d082aa24f35e1b516d23)
Start importing Assets/The War Gods vol.1/Assets/Materials/Tigr/tigr_haki.mat using Guid(50eb662f6f8ff9644b1ab64e52a82467) Importer(2089858483,0ecaa5967403d082aa24f35e1b516d23) Generated GUIDs only implemented for interfaces!
 -> (artifact id: '25658ef8c0bb9208aa1cb2bc9bce0e02') in 0.006945 seconds 
========================================================================
Received Import Request.
  Time since last request: 0.000026 seconds.
  path: Assets/The War Gods vol.1/Assets/Prefabs/Bonus
  artifactKey: Guid(9a6c7fe4d925c3144bd1f8e76613d8ad) Importer(2089858483,0ecaa5967403d082aa24f35e1b516d23)
Start importing Assets/The War Gods vol.1/Assets/Prefabs/Bonus using Guid(9a6c7fe4d925c3144bd1f8e76613d8ad) Importer(2089858483,0ecaa5967403d082aa24f35e1b516d23) Generated GUIDs only implemented for interfaces!
 -> (artifact id: '5893578be17c9169d41646f88c0195d1') in 0.003441 seconds 
========================================================================
Received Import Request.
  Time since last request: 0.000022 seconds.
  path: Assets/GameMain/Materials/T90U5Materials/TankTracks.mat
  artifactKey: Guid(eed6f1d982a18494c9a52bec34b7eb36) Importer(2089858483,0ecaa5967403d082aa24f35e1b516d23)
Start importing Assets/GameMain/Materials/T90U5Materials/TankTracks.mat using Guid(eed6f1d982a18494c9a52bec34b7eb36) Importer(2089858483,0ecaa5967403d082aa24f35e1b516d23) Generated GUIDs only implemented for interfaces!
 -> (artifact id: 'b4f6aba54ca6adb07e8dd737ef04eaff') in 0.708351 seconds 
========================================================================
Received Import Request.
  Time since last request: 0.000022 seconds.
  path: Assets/The War Gods vol.1/Assets/Materials/Armata/armata.mat
  artifactKey: Guid(8c0c941fea6f27c468ea878a3e51f711) Importer(2089858483,0ecaa5967403d082aa24f35e1b516d23)
Start importing Assets/The War Gods vol.1/Assets/Materials/Armata/armata.mat using Guid(8c0c941fea6f27c468ea878a3e51f711) Importer(2089858483,0ecaa5967403d082aa24f35e1b516d23) Generated GUIDs only implemented for interfaces!
 -> (artifact id: 'c7190479466d6665b98af2306b6837bc') in 0.275692 seconds 
========================================================================
Received Import Request.
  Time since last request: 0.000031 seconds.
  path: Assets/The War Gods vol.1/Assets/Scenes/Bonus
  artifactKey: Guid(aa72f9f748473cf44a1c2071925df8d9) Importer(2089858483,0ecaa5967403d082aa24f35e1b516d23)
Start importing Assets/The War Gods vol.1/Assets/Scenes/Bonus using Guid(aa72f9f748473cf44a1c2071925df8d9) Importer(2089858483,0ecaa5967403d082aa24f35e1b516d23) Generated GUIDs only implemented for interfaces!
 -> (artifact id: '66f4dad0585095b07123bfd1d9fadab6') in 0.003176 seconds 
========================================================================
Received Import Request.
  Time since last request: 0.000022 seconds.
  path: Assets/The War Gods vol.1/Assets/Meshes/Bonus/fire.obj
  artifactKey: Guid(fc1a780844993fb428445ad6c1354d6f) Importer(2089858483,0ecaa5967403d082aa24f35e1b516d23)
Start importing Assets/The War Gods vol.1/Assets/Meshes/Bonus/fire.obj using Guid(fc1a780844993fb428445ad6c1354d6f) Importer(2089858483,0ecaa5967403d082aa24f35e1b516d23) Generated GUIDs only implemented for interfaces!
 -> (artifact id: '03d1e8373030f8dc867f29b03eddce8d') in 0.108381 seconds 
========================================================================
Received Import Request.
  Time since last request: 0.000027 seconds.
  path: Assets/The War Gods vol.1/Assets/Meshes/Abrams/abrams_blue.obj
  artifactKey: Guid(091f07caf53fbbd4086731c36034d8e8) Importer(2089858483,0ecaa5967403d082aa24f35e1b516d23)
Start importing Assets/The War Gods vol.1/Assets/Meshes/Abrams/abrams_blue.obj using Guid(091f07caf53fbbd4086731c36034d8e8) Importer(2089858483,0ecaa5967403d082aa24f35e1b516d23) Generated GUIDs only implemented for interfaces!
 -> (artifact id: '1c1c864be348a161a3320f4cfd30d94d') in 0.599895 seconds 
========================================================================
Received Import Request.
  Time since last request: 0.000028 seconds.
  path: Assets/The War Gods vol.1/Assets/Texture/Bonus/soldier_01.png
  artifactKey: Guid(49a193515036dc94fb275d84e88f4e14) Importer(2089858483,0ecaa5967403d082aa24f35e1b516d23)
Start importing Assets/The War Gods vol.1/Assets/Texture/Bonus/soldier_01.png using Guid(49a193515036dc94fb275d84e88f4e14) Importer(2089858483,0ecaa5967403d082aa24f35e1b516d23) Generated GUIDs only implemented for interfaces!
 -> (artifact id: '94730c19626af1dddb6bdd2ddaa73412') in 0.012803 seconds 
========================================================================
Received Import Request.
  Time since last request: 0.000031 seconds.
  path: Assets/The War Gods vol.1/Assets/Materials/Armata/armata_blue.mat
  artifactKey: Guid(217a5150b66277e4ca32e7330bf5e25b) Importer(2089858483,0ecaa5967403d082aa24f35e1b516d23)
Start importing Assets/The War Gods vol.1/Assets/Materials/Armata/armata_blue.mat using Guid(217a5150b66277e4ca32e7330bf5e25b) Importer(2089858483,0ecaa5967403d082aa24f35e1b516d23) Generated GUIDs only implemented for interfaces!
 -> (artifact id: '7a0d77e722b6d6d2dc1774a1ee930852') in 0.262973 seconds 
========================================================================
Received Import Request.
  Time since last request: 0.000023 seconds.
  path: Assets/The War Gods vol.1/Assets/VoxModels/Armata/armata_green.vox
  artifactKey: Guid(e58df85db7d02b243a1b891f12ec95a3) Importer(2089858483,0ecaa5967403d082aa24f35e1b516d23)
Start importing Assets/The War Gods vol.1/Assets/VoxModels/Armata/armata_green.vox using Guid(e58df85db7d02b243a1b891f12ec95a3) Importer(2089858483,0ecaa5967403d082aa24f35e1b516d23) Generated GUIDs only implemented for interfaces!
 -> (artifact id: 'a78260500995d3f11855fdf41d02c72b') in 0.014693 seconds 
========================================================================
Received Import Request.
  Time since last request: 0.000033 seconds.
  path: Assets/The War Gods vol.1/Assets/VoxModels/Abrams
  artifactKey: Guid(a091738c1dc239d4b841438d4c4ef021) Importer(2089858483,0ecaa5967403d082aa24f35e1b516d23)
Start importing Assets/The War Gods vol.1/Assets/VoxModels/Abrams using Guid(a091738c1dc239d4b841438d4c4ef021) Importer(2089858483,0ecaa5967403d082aa24f35e1b516d23) Generated GUIDs only implemented for interfaces!
 -> (artifact id: 'd697325f45034de3c61c2f6b83e5aa19') in 0.003890 seconds 
========================================================================
Received Import Request.
  Time since last request: 0.000027 seconds.
  path: Assets/The War Gods vol.1/Assets/Prefabs/Tigr/tigr_gray.prefab
  artifactKey: Guid(9e5ac666ffdaf4c41806e2277475cf11) Importer(2089858483,0ecaa5967403d082aa24f35e1b516d23)
Start importing Assets/The War Gods vol.1/Assets/Prefabs/Tigr/tigr_gray.prefab using Guid(9e5ac666ffdaf4c41806e2277475cf11) Importer(2089858483,0ecaa5967403d082aa24f35e1b516d23) Generated GUIDs only implemented for interfaces!
 -> (artifact id: 'fd01af3e02ca6d95130de3fd9cbc2b0a') in 0.205438 seconds 
========================================================================
Received Import Request.
  Time since last request: 0.000027 seconds.
  path: Assets/The War Gods vol.1/Assets/Materials/Hamvy/hamvy_green.mat
  artifactKey: Guid(9e344b22a69847345a5b731f55b805f5) Importer(2089858483,0ecaa5967403d082aa24f35e1b516d23)
Start importing Assets/The War Gods vol.1/Assets/Materials/Hamvy/hamvy_green.mat using Guid(9e344b22a69847345a5b731f55b805f5) Importer(2089858483,0ecaa5967403d082aa24f35e1b516d23) Generated GUIDs only implemented for interfaces!
 -> (artifact id: 'e1735469884ddc6e667580ee1b41f6f4') in 0.149804 seconds 
========================================================================
Received Import Request.
  Time since last request: 0.000031 seconds.
  path: Assets/The War Gods vol.1/Assets/Meshes/Abrams/Materials/abrams_red_0_Mat.mat
  artifactKey: Guid(8ea2d76700c2b4a47a1696db3fab45ba) Importer(2089858483,0ecaa5967403d082aa24f35e1b516d23)
Start importing Assets/The War Gods vol.1/Assets/Meshes/Abrams/Materials/abrams_red_0_Mat.mat using Guid(8ea2d76700c2b4a47a1696db3fab45ba) Importer(2089858483,0ecaa5967403d082aa24f35e1b516d23) Generated GUIDs only implemented for interfaces!
 -> (artifact id: '50418ce8159335d40a1200cf68101dc3') in 0.258134 seconds 
========================================================================
Received Import Request.
  Time since last request: 0.000030 seconds.
  path: Assets/The War Gods vol.1/Assets/Meshes/Bonus/soldier_03.obj
  artifactKey: Guid(8207dbba0e978d140a4774fa4a577a47) Importer(2089858483,0ecaa5967403d082aa24f35e1b516d23)
Start importing Assets/The War Gods vol.1/Assets/Meshes/Bonus/soldier_03.obj using Guid(8207dbba0e978d140a4774fa4a577a47) Importer(2089858483,0ecaa5967403d082aa24f35e1b516d23) Generated GUIDs only implemented for interfaces!
 -> (artifact id: 'b041c322332700cd13db20d1a7f87e38') in 0.349523 seconds 
========================================================================
Received Import Request.
  Time since last request: 0.000027 seconds.
  path: Assets/The War Gods vol.1
  artifactKey: Guid(951c77f51a1c4bd4f8d9de19086957c6) Importer(2089858483,0ecaa5967403d082aa24f35e1b516d23)
Start importing Assets/The War Gods vol.1 using Guid(951c77f51a1c4bd4f8d9de19086957c6) Importer(2089858483,0ecaa5967403d082aa24f35e1b516d23) Generated GUIDs only implemented for interfaces!
 -> (artifact id: '16b69145d6ab8c444af1173b28a65518') in 0.006324 seconds 
========================================================================
Received Import Request.
  Time since last request: 0.000024 seconds.
  path: Assets/The War Gods vol.1/Assets/Materials/Bonus/soldier_03.mat
  artifactKey: Guid(df117594cd8ca464589e1d76c1d41d2b) Importer(2089858483,0ecaa5967403d082aa24f35e1b516d23)
Start importing Assets/The War Gods vol.1/Assets/Materials/Bonus/soldier_03.mat using Guid(df117594cd8ca464589e1d76c1d41d2b) Importer(2089858483,0ecaa5967403d082aa24f35e1b516d23) Generated GUIDs only implemented for interfaces!
 -> (artifact id: '54a54f9aaba364c897acb7530a595606') in 0.192384 seconds 
========================================================================
Received Import Request.
  Time since last request: 0.000023 seconds.
  path: Assets/The War Gods vol.1/Assets/Texture/Bonus
  artifactKey: Guid(07e3f2335f8cd4b4cbfd82e650db7bf2) Importer(2089858483,0ecaa5967403d082aa24f35e1b516d23)
Start importing Assets/The War Gods vol.1/Assets/Texture/Bonus using Guid(07e3f2335f8cd4b4cbfd82e650db7bf2) Importer(2089858483,0ecaa5967403d082aa24f35e1b516d23) Generated GUIDs only implemented for interfaces!
 -> (artifact id: '2c2adb65e2062b5bcfc8a9f95d1ef31a') in 0.003487 seconds 
========================================================================
Received Import Request.
  Time since last request: 0.000031 seconds.
  path: Assets/The War Gods vol.1/Assets/Prefabs/Hamvy/hamvy.prefab
  artifactKey: Guid(566ee2326f0d92c4b932058f47688ad3) Importer(2089858483,0ecaa5967403d082aa24f35e1b516d23)
Start importing Assets/The War Gods vol.1/Assets/Prefabs/Hamvy/hamvy.prefab using Guid(566ee2326f0d92c4b932058f47688ad3) Importer(2089858483,0ecaa5967403d082aa24f35e1b516d23) Generated GUIDs only implemented for interfaces!
 -> (artifact id: 'a03de09f548e9c0c5f9c65a281a53b2c') in 0.176467 seconds 
========================================================================
Received Import Request.
  Time since last request: 0.000019 seconds.
  path: Assets/Army Bunker/Army_Bunker_Textures/Bunker_Spec_TXTR.tif
  artifactKey: Guid(2cc6d0a4950f7ad45af296f7fd40a886) Importer(2089858483,0ecaa5967403d082aa24f35e1b516d23)
Start importing Assets/Army Bunker/Army_Bunker_Textures/Bunker_Spec_TXTR.tif using Guid(2cc6d0a4950f7ad45af296f7fd40a886) Importer(2089858483,0ecaa5967403d082aa24f35e1b516d23) Generated GUIDs only implemented for interfaces!
 -> (artifact id: '934efff99da5d7d6d9b4709e36d98d80') in 0.819266 seconds 
========================================================================
Received Import Request.
  Time since last request: 0.000025 seconds.
  path: Assets/The War Gods vol.1/Assets/Prefabs/Armata/armata_green.prefab
  artifactKey: Guid(b16da860347f9f94eb5f0fb490707765) Importer(2089858483,0ecaa5967403d082aa24f35e1b516d23)
Start importing Assets/The War Gods vol.1/Assets/Prefabs/Armata/armata_green.prefab using Guid(b16da860347f9f94eb5f0fb490707765) Importer(2089858483,0ecaa5967403d082aa24f35e1b516d23) Generated GUIDs only implemented for interfaces!
 -> (artifact id: 'a43dde265fa50f01a937ddb3b33bc5a6') in 0.306339 seconds 
========================================================================
Received Import Request.
  Time since last request: 0.000032 seconds.
  path: Assets/GameMain/Configs/ResourceBuilder.xml
  artifactKey: Guid(5461b0fc87a2ab04fbcfd898d18f6107) Importer(2089858483,0ecaa5967403d082aa24f35e1b516d23)
Start importing Assets/GameMain/Configs/ResourceBuilder.xml using Guid(5461b0fc87a2ab04fbcfd898d18f6107) Importer(2089858483,0ecaa5967403d082aa24f35e1b516d23) Generated GUIDs only implemented for interfaces!
 -> (artifact id: 'cbfae3aaec259f46baf1021ae0d06666') in 0.157173 seconds 
========================================================================
Received Import Request.
  Time since last request: 0.000069 seconds.
  path: Assets/The War Gods vol.1/Assets/VoxModels/Bonus/snow.vox
  artifactKey: Guid(db55a0e6d6f75864697cf392e8b39ee0) Importer(2089858483,0ecaa5967403d082aa24f35e1b516d23)
Start importing Assets/The War Gods vol.1/Assets/VoxModels/Bonus/snow.vox using Guid(db55a0e6d6f75864697cf392e8b39ee0) Importer(2089858483,0ecaa5967403d082aa24f35e1b516d23) Generated GUIDs only implemented for interfaces!
 -> (artifact id: '7d6f8720fc297a5f6d69152db9fdf77d') in 0.004032 seconds 
========================================================================
Received Import Request.
  Time since last request: 0.000026 seconds.
  path: Assets/The War Gods vol.1/Assets/Materials/Tigr/tigr_sand.mat
  artifactKey: Guid(505cf310401321f4486425c9bf7e595d) Importer(2089858483,0ecaa5967403d082aa24f35e1b516d23)
Start importing Assets/The War Gods vol.1/Assets/Materials/Tigr/tigr_sand.mat using Guid(505cf310401321f4486425c9bf7e595d) Importer(2089858483,0ecaa5967403d082aa24f35e1b516d23) Generated GUIDs only implemented for interfaces!
 -> (artifact id: 'e4ba1e2c0a18a18465546ed7b4a64f93') in 0.093293 seconds 
========================================================================
Received Import Request.
  Time since last request: 0.000034 seconds.
  path: Assets/GameMain/Textures/T90Textures/UrbanCamo/DefaultMaterial_Base_Color.jpg
  artifactKey: Guid(61b6261cfbdf9b24ead7b8cef3f4b480) Importer(2089858483,0ecaa5967403d082aa24f35e1b516d23)
Start importing Assets/GameMain/Textures/T90Textures/UrbanCamo/DefaultMaterial_Base_Color.jpg using Guid(61b6261cfbdf9b24ead7b8cef3f4b480) Importer(2089858483,0ecaa5967403d082aa24f35e1b516d23) Generated GUIDs only implemented for interfaces!
 -> (artifact id: 'a072ba8162724b4d57c2451e0eb3ec28') in 0.173912 seconds 
========================================================================
Received Import Request.
  Time since last request: 0.000023 seconds.
  path: Assets/GameMain/Textures/T90Textures/Aditional/DefaultMaterial_curvature.png
  artifactKey: Guid(569a1de2a86726841b6144c5ad932ce2) Importer(2089858483,0ecaa5967403d082aa24f35e1b516d23)
Start importing Assets/GameMain/Textures/T90Textures/Aditional/DefaultMaterial_curvature.png using Guid(569a1de2a86726841b6144c5ad932ce2) Importer(2089858483,0ecaa5967403d082aa24f35e1b516d23) Generated GUIDs only implemented for interfaces!
 -> (artifact id: '900560a0bc9b577b4a2ae697e144d830') in 0.608161 seconds 
========================================================================
Received Import Request.
  Time since last request: 0.000022 seconds.
  path: Assets/StreamingAssets/Materials.dat
  artifactKey: Guid(2e70754f06ae8124ca49c04a4d559c61) Importer(2089858483,0ecaa5967403d082aa24f35e1b516d23)
Start importing Assets/StreamingAssets/Materials.dat using Guid(2e70754f06ae8124ca49c04a4d559c61) Importer(2089858483,0ecaa5967403d082aa24f35e1b516d23) Generated GUIDs only implemented for interfaces!
 -> (artifact id: '4056ee240748bcb31deeeef292732a5b') in 0.018741 seconds 
========================================================================
Received Import Request.
  Time since last request: 0.000031 seconds.
  path: Assets/The War Gods vol.1/Assets/VoxModels/Tigr/tigr_sand.vox
  artifactKey: Guid(2ea9ddaf70eeb2149a59580f960d328f) Importer(2089858483,0ecaa5967403d082aa24f35e1b516d23)
Start importing Assets/The War Gods vol.1/Assets/VoxModels/Tigr/tigr_sand.vox using Guid(2ea9ddaf70eeb2149a59580f960d328f) Importer(2089858483,0ecaa5967403d082aa24f35e1b516d23) Generated GUIDs only implemented for interfaces!
 -> (artifact id: '5eae857de8d625e2a492afe4580f72ed') in 0.003780 seconds 
========================================================================
Received Import Request.
  Time since last request: 0.000022 seconds.
  path: Assets/GameMain/Textures/T90Textures/Aditional/DefaultMaterial_Mixed_AO.jpg
  artifactKey: Guid(3b9afbb0f99f90243b5a9b0f7f5fa40b) Importer(2089858483,0ecaa5967403d082aa24f35e1b516d23)
Start importing Assets/GameMain/Textures/T90Textures/Aditional/DefaultMaterial_Mixed_AO.jpg using Guid(3b9afbb0f99f90243b5a9b0f7f5fa40b) Importer(2089858483,0ecaa5967403d082aa24f35e1b516d23) Generated GUIDs only implemented for interfaces!
 -> (artifact id: 'd53e94d4b0682fe57c8d7b6819a0b728') in 0.062827 seconds 
========================================================================
Received Import Request.
  Time since last request: 0.000019 seconds.
  path: Assets/TankConstructor/Images/Tracks/TrackСFrame1.png
  artifactKey: Guid(eb1901a4dd1676441a505df73e03038a) Importer(2089858483,0ecaa5967403d082aa24f35e1b516d23)
Start importing Assets/TankConstructor/Images/Tracks/TrackСFrame1.png using Guid(eb1901a4dd1676441a505df73e03038a) Importer(2089858483,0ecaa5967403d082aa24f35e1b516d23) Generated GUIDs only implemented for interfaces!
 -> (artifact id: '79087a872e0f7b4bc165503c11407d37') in 0.686612 seconds 
========================================================================
Received Import Request.
  Time since last request: 0.000023 seconds.
  path: Assets/StreamingAssets/Meshes.dat
  artifactKey: Guid(20e43505c0123854aa69fe09de655a2b) Importer(2089858483,0ecaa5967403d082aa24f35e1b516d23)
Start importing Assets/StreamingAssets/Meshes.dat using Guid(20e43505c0123854aa69fe09de655a2b) Importer(2089858483,0ecaa5967403d082aa24f35e1b516d23) Generated GUIDs only implemented for interfaces!
 -> (artifact id: '5501b836ad3adab95817bd85bfd7fb08') in 0.094837 seconds 
========================================================================
Received Import Request.
  Time since last request: 0.000029 seconds.
  path: Assets/The War Gods vol.1/Assets/Texture/Armata/armata_gray.png
  artifactKey: Guid(714b97bfc193850408af9b89befd4bf4) Importer(2089858483,0ecaa5967403d082aa24f35e1b516d23)
Start importing Assets/The War Gods vol.1/Assets/Texture/Armata/armata_gray.png using Guid(714b97bfc193850408af9b89befd4bf4) Importer(2089858483,0ecaa5967403d082aa24f35e1b516d23) Generated GUIDs only implemented for interfaces!
 -> (artifact id: '7dc10f63822817a4e683c5a76fbc7846') in 0.015041 seconds 
========================================================================
Received Import Request.
  Time since last request: 0.000023 seconds.
  path: Assets/The War Gods vol.1/Assets/Texture/Bonus/snow.png
  artifactKey: Guid(cd87ad821bcee0040b21a6c125767370) Importer(2089858483,0ecaa5967403d082aa24f35e1b516d23)
Start importing Assets/The War Gods vol.1/Assets/Texture/Bonus/snow.png using Guid(cd87ad821bcee0040b21a6c125767370) Importer(2089858483,0ecaa5967403d082aa24f35e1b516d23) Generated GUIDs only implemented for interfaces!
 -> (artifact id: '52137e4e1751509850684b31597132b2') in 0.227928 seconds 
========================================================================
Received Import Request.
  Time since last request: 0.000024 seconds.
  path: Assets/The War Gods vol.1/Assets/VoxModels/Bonus/armata_team_snow.vox
  artifactKey: Guid(a188a9adf56135a44885132ff3f10d36) Importer(2089858483,0ecaa5967403d082aa24f35e1b516d23)
Start importing Assets/The War Gods vol.1/Assets/VoxModels/Bonus/armata_team_snow.vox using Guid(a188a9adf56135a44885132ff3f10d36) Importer(2089858483,0ecaa5967403d082aa24f35e1b516d23) Generated GUIDs only implemented for interfaces!
 -> (artifact id: '47aa8fade9bfb0a0fd18d3497157130b') in 0.006743 seconds 
========================================================================
Received Import Request.
  Time since last request: 0.000029 seconds.
  path: Assets/The War Gods vol.1/Assets/Meshes/Armata/armata.obj
  artifactKey: Guid(b3ffb1275add6af4b92d6fd06d2cd0a6) Importer(2089858483,0ecaa5967403d082aa24f35e1b516d23)
Start importing Assets/The War Gods vol.1/Assets/Meshes/Armata/armata.obj using Guid(b3ffb1275add6af4b92d6fd06d2cd0a6) Importer(2089858483,0ecaa5967403d082aa24f35e1b516d23) Generated GUIDs only implemented for interfaces!
 -> (artifact id: '5d1f71ced12c53ed945d1a3971bf7ea5') in 0.397854 seconds 
========================================================================
Received Import Request.
  Time since last request: 0.000028 seconds.
  path: Assets/The War Gods vol.1/Assets/VoxModels/Abrams/abrams_blue.vox
  artifactKey: Guid(fe2509fa00664404186041ee2c27c30c) Importer(2089858483,0ecaa5967403d082aa24f35e1b516d23)
Start importing Assets/The War Gods vol.1/Assets/VoxModels/Abrams/abrams_blue.vox using Guid(fe2509fa00664404186041ee2c27c30c) Importer(2089858483,0ecaa5967403d082aa24f35e1b516d23) Generated GUIDs only implemented for interfaces!
 -> (artifact id: 'd7c1bbab365d34b06c787ccaab45781a') in 0.004239 seconds 
========================================================================
Received Import Request.
  Time since last request: 0.000029 seconds.
  path: Assets/The War Gods vol.1/Assets/Meshes/Bonus/soldier_06.obj
  artifactKey: Guid(26437be3a9c041c42a17bf9102423682) Importer(2089858483,0ecaa5967403d082aa24f35e1b516d23)
Start importing Assets/The War Gods vol.1/Assets/Meshes/Bonus/soldier_06.obj using Guid(26437be3a9c041c42a17bf9102423682) Importer(2089858483,0ecaa5967403d082aa24f35e1b516d23) Generated GUIDs only implemented for interfaces!
 -> (artifact id: 'aabdd35d90a9c2975ed8533c49481669') in 0.046656 seconds 
========================================================================
Received Import Request.
  Time since last request: 0.000022 seconds.
  path: Assets/The War Gods vol.1/Assets/Meshes/Hamvy/hamvy.obj
  artifactKey: Guid(6b2c181e890ee96439d3de1a306b60aa) Importer(2089858483,0ecaa5967403d082aa24f35e1b516d23)
Start importing Assets/The War Gods vol.1/Assets/Meshes/Hamvy/hamvy.obj using Guid(6b2c181e890ee96439d3de1a306b60aa) Importer(2089858483,0ecaa5967403d082aa24f35e1b516d23) Generated GUIDs only implemented for interfaces!
 -> (artifact id: 'b380fb86b56fb79784d809cc05096509') in 0.455069 seconds 
========================================================================
Received Import Request.
  Time since last request: 0.000025 seconds.
  path: Assets/Army Bunker/Materials/Army_Bunker-Bunker_Mat.mat
  artifactKey: Guid(44b5834df0acfc2449d866762ad74434) Importer(2089858483,0ecaa5967403d082aa24f35e1b516d23)
Start importing Assets/Army Bunker/Materials/Army_Bunker-Bunker_Mat.mat using Guid(44b5834df0acfc2449d866762ad74434) Importer(2089858483,0ecaa5967403d082aa24f35e1b516d23) Generated GUIDs only implemented for interfaces!
 -> (artifact id: '0298b3790d1c697c55ef2c1952d4aff6') in 0.037495 seconds 
========================================================================
Received Import Request.
  Time since last request: 0.000031 seconds.
  path: Assets/The War Gods vol.1/Assets/Texture/Hamvy/hamvy_haki.png
  artifactKey: Guid(11de8fa73d1e2f54b9aa3885198e5a7e) Importer(2089858483,0ecaa5967403d082aa24f35e1b516d23)
Start importing Assets/The War Gods vol.1/Assets/Texture/Hamvy/hamvy_haki.png using Guid(11de8fa73d1e2f54b9aa3885198e5a7e) Importer(2089858483,0ecaa5967403d082aa24f35e1b516d23) Generated GUIDs only implemented for interfaces!
 -> (artifact id: '981a96af74de66e744869a13c51f1447') in 0.077023 seconds 
========================================================================
Received Import Request.
  Time since last request: 0.000022 seconds.
  path: Assets/The War Gods vol.1/Assets/Texture/Hamvy/hamvy_green.png
  artifactKey: Guid(b77c4053c18223a46be75c6f64cce8af) Importer(2089858483,0ecaa5967403d082aa24f35e1b516d23)
Start importing Assets/The War Gods vol.1/Assets/Texture/Hamvy/hamvy_green.png using Guid(b77c4053c18223a46be75c6f64cce8af) Importer(2089858483,0ecaa5967403d082aa24f35e1b516d23) Generated GUIDs only implemented for interfaces!
 -> (artifact id: '1c5c80fbaa7effc6530986a702989821') in 0.011803 seconds 
========================================================================
Received Import Request.
  Time since last request: 0.000020 seconds.
  path: Assets/The War Gods vol.1/Assets/Texture/Bonus/soldier_05.png
  artifactKey: Guid(23fb0fa2f92439f45b115887bea983fd) Importer(2089858483,0ecaa5967403d082aa24f35e1b516d23)
Start importing Assets/The War Gods vol.1/Assets/Texture/Bonus/soldier_05.png using Guid(23fb0fa2f92439f45b115887bea983fd) Importer(2089858483,0ecaa5967403d082aa24f35e1b516d23) Generated GUIDs only implemented for interfaces!
 -> (artifact id: '5a8c4cee121310c3c462b823c8d1921d') in 0.014518 seconds 
========================================================================
Received Import Request.
  Time since last request: 0.000021 seconds.
  path: Assets/GameMain/Entities/T90U5prefabs/T90LP Desert Camo.prefab
  artifactKey: Guid(3b95bec82dae4484eafd516e73cc2623) Importer(2089858483,0ecaa5967403d082aa24f35e1b516d23)
Start importing Assets/GameMain/Entities/T90U5prefabs/T90LP Desert Camo.prefab using Guid(3b95bec82dae4484eafd516e73cc2623) Importer(2089858483,0ecaa5967403d082aa24f35e1b516d23) Generated GUIDs only implemented for interfaces!
 -> (artifact id: '25661f4e6107edaca8cd46cbc2e91d07') in 0.271385 seconds 
========================================================================
Received Import Request.
  Time since last request: 0.000024 seconds.
  path: Assets/TankConstructor/Images/MapTiles/C.png
  artifactKey: Guid(d795e25ed3b6432418b86f0f86a3bdfc) Importer(2089858483,0ecaa5967403d082aa24f35e1b516d23)
Start importing Assets/TankConstructor/Images/MapTiles/C.png using Guid(d795e25ed3b6432418b86f0f86a3bdfc) Importer(2089858483,0ecaa5967403d082aa24f35e1b516d23) Generated GUIDs only implemented for interfaces!
 -> (artifact id: 'c0028795a26b822685ed1091ddaa9a99') in 0.107386 seconds 
========================================================================
Received Prepare
Refreshing native plugins compatible for Editor in 2.79 ms, found 3 plugins.
Preloading 0 native plugins for Editor in 0.00 ms.
Unloading 25 Unused Serialized files (Serialized files now loaded: 0)
Unloading 25 unused Assets / (21.9 KB). Loaded Objects now: 4520.
Memory consumption went from 58.2 MB to 58.2 MB.
Total: 2.302200 ms (FindLiveObjects: 0.223700 ms CreateObjectMapping: 0.096900 ms MarkObjects: 1.966600 ms  DeleteObjects: 0.014500 ms)

AssetImportParameters requested are different than current active one (requested -> active):
  custom:video-decoder-ogg-theora: a1e56fd34408186e4bbccfd4996cb3dc -> 
  custom:container-muxer-webm: aa71ff27fc2769a1b78a27578f13a17b -> 
  custom:container-demuxer-webm: 4f35f7cbe854078d1ac9338744f61a02 -> 
  custom:video-encoder-webm-vp8: eb34c28f22e8b96e1ab97ce403110664 -> 
  custom:audio-encoder-webm-vorbis: bf7c407c2cedff20999df2af8eb42d56 -> 
  custom:framework-win-MediaFoundation: 216162199b28c13a410421893ffa2e32 -> 
  custom:SearchIndexIgnoredProperties: e643bd26f0fe6173181afceb89e7c659 -> 
  custom:container-demuxer-ogg: 62fdf1f143b41e24485cea50d1cbac27 -> 
  custom:video-decoder-webm-vp8: 9c59270c3fd7afecdb556c50c9e8de78 -> 
  custom:audio-decoder-ogg-vorbis: bf7c407c2cedff20999df2af8eb42d56 -> 
========================================================================
Received Prepare
Registering precompiled user dll's ...
Registered in 0.007777 seconds.
Begin MonoManager ReloadAssembly
Symbol file LoadedFromMemory doesn't match image D:\Learn\Unity_Learn\UGF\StarForce\Library\PackageCache\com.unity.visualscripting@1.7.8\Editor\VisualScripting.Core\Dependencies\YamlDotNet\Unity.VisualScripting.YamlDotNet.dll
Symbol file LoadedFromMemory doesn't match image D:\Learn\Unity_Learn\UGF\StarForce\Library\PackageCache\com.unity.visualscripting@1.7.8\Editor\VisualScripting.Core\Dependencies\DotNetZip\Unity.VisualScripting.IonicZip.dll
Native extension for WindowsStandalone target not found
Native extension for iOS target not found
Native extension for Android target not found
Refreshing native plugins compatible for Editor in 0.54 ms, found 3 plugins.
Preloading 0 native plugins for Editor in 0.00 ms.
Mono: successfully reloaded assembly
- Completed reload, in  0.705 seconds
Domain Reload Profiling:
	ReloadAssembly (706ms)
		BeginReloadAssembly (100ms)
			ExecutionOrderSort (0ms)
			DisableScriptedObjects (6ms)
			BackupInstance (0ms)
			ReleaseScriptingObjects (0ms)
			CreateAndSetChildDomain (31ms)
		EndReloadAssembly (540ms)
			LoadAssemblies (57ms)
			RebuildTransferFunctionScriptingTraits (0ms)
			SetupTypeCache (169ms)
			ReleaseScriptCaches (1ms)
			RebuildScriptCaches (34ms)
			SetupLoadedEditorAssemblies (235ms)
				LogAssemblyErrors (0ms)
				InitializePlatformSupportModulesInManaged (25ms)
				SetLoadedEditorAssemblies (0ms)
				RefreshPlugins (1ms)
				BeforeProcessingInitializeOnLoad (43ms)
				ProcessInitializeOnLoadAttributes (141ms)
				ProcessInitializeOnLoadMethodAttributes (20ms)
				AfterProcessingInitializeOnLoad (6ms)
				EditorAssembliesLoaded (0ms)
			ExecutionOrderSort2 (0ms)
			AwakeInstancesAfterBackupRestoration (7ms)
Platform modules already initialized, skipping
Refreshing native plugins compatible for Editor in 2.59 ms, found 3 plugins.
Preloading 0 native plugins for Editor in 0.00 ms.
Unloading 4052 Unused Serialized files (Serialized files now loaded: 0)
Unloading 25 unused Assets / (24.7 KB). Loaded Objects now: 4523.
Memory consumption went from 138.7 MB to 138.6 MB.
Total: 2.038700 ms (FindLiveObjects: 0.190700 ms CreateObjectMapping: 0.098500 ms MarkObjects: 1.731300 ms  DeleteObjects: 0.017500 ms)

AssetImportParameters requested are different than current active one (requested -> active):
  custom:video-decoder-ogg-theora: a1e56fd34408186e4bbccfd4996cb3dc -> 
  custom:container-muxer-webm: aa71ff27fc2769a1b78a27578f13a17b -> 
  custom:container-demuxer-webm: 4f35f7cbe854078d1ac9338744f61a02 -> 
  custom:video-encoder-webm-vp8: eb34c28f22e8b96e1ab97ce403110664 -> 
  custom:audio-encoder-webm-vorbis: bf7c407c2cedff20999df2af8eb42d56 -> 
  custom:framework-win-MediaFoundation: 216162199b28c13a410421893ffa2e32 -> 
  custom:SearchIndexIgnoredProperties: e643bd26f0fe6173181afceb89e7c659 -> 
  custom:container-demuxer-ogg: 62fdf1f143b41e24485cea50d1cbac27 -> 
  custom:video-decoder-webm-vp8: 9c59270c3fd7afecdb556c50c9e8de78 -> 
  custom:audio-decoder-ogg-vorbis: bf7c407c2cedff20999df2af8eb42d56 -> 
========================================================================
Received Prepare
Registering precompiled user dll's ...
Registered in 0.007571 seconds.
Begin MonoManager ReloadAssembly
Symbol file LoadedFromMemory doesn't match image D:\Learn\Unity_Learn\UGF\StarForce\Library\PackageCache\com.unity.visualscripting@1.7.8\Editor\VisualScripting.Core\Dependencies\YamlDotNet\Unity.VisualScripting.YamlDotNet.dll
Symbol file LoadedFromMemory doesn't match image D:\Learn\Unity_Learn\UGF\StarForce\Library\PackageCache\com.unity.visualscripting@1.7.8\Editor\VisualScripting.Core\Dependencies\DotNetZip\Unity.VisualScripting.IonicZip.dll
Native extension for WindowsStandalone target not found
Native extension for iOS target not found
Native extension for Android target not found
Refreshing native plugins compatible for Editor in 0.53 ms, found 3 plugins.
Preloading 0 native plugins for Editor in 0.00 ms.
Mono: successfully reloaded assembly
- Completed reload, in  0.663 seconds
Domain Reload Profiling:
	ReloadAssembly (664ms)
		BeginReloadAssembly (93ms)
			ExecutionOrderSort (0ms)
			DisableScriptedObjects (4ms)
			BackupInstance (0ms)
			ReleaseScriptingObjects (0ms)
			CreateAndSetChildDomain (27ms)
		EndReloadAssembly (499ms)
			LoadAssemblies (54ms)
			RebuildTransferFunctionScriptingTraits (0ms)
			SetupTypeCache (155ms)
			ReleaseScriptCaches (1ms)
			RebuildScriptCaches (28ms)
			SetupLoadedEditorAssemblies (232ms)
				LogAssemblyErrors (0ms)
				InitializePlatformSupportModulesInManaged (24ms)
				SetLoadedEditorAssemblies (0ms)
				RefreshPlugins (1ms)
				BeforeProcessingInitializeOnLoad (42ms)
				ProcessInitializeOnLoadAttributes (138ms)
				ProcessInitializeOnLoadMethodAttributes (21ms)
				AfterProcessingInitializeOnLoad (7ms)
				EditorAssembliesLoaded (0ms)
			ExecutionOrderSort2 (0ms)
			AwakeInstancesAfterBackupRestoration (5ms)
Platform modules already initialized, skipping
Refreshing native plugins compatible for Editor in 2.02 ms, found 3 plugins.
Preloading 0 native plugins for Editor in 0.00 ms.
Unloading 4053 Unused Serialized files (Serialized files now loaded: 0)
Unloading 25 unused Assets / (24.7 KB). Loaded Objects now: 4527.
Memory consumption went from 138.7 MB to 138.7 MB.
Total: 2.118300 ms (FindLiveObjects: 0.206100 ms CreateObjectMapping: 0.093000 ms MarkObjects: 1.799500 ms  DeleteObjects: 0.017400 ms)

AssetImportParameters requested are different than current active one (requested -> active):
  custom:video-decoder-ogg-theora: a1e56fd34408186e4bbccfd4996cb3dc -> 
  custom:container-muxer-webm: aa71ff27fc2769a1b78a27578f13a17b -> 
  custom:container-demuxer-webm: 4f35f7cbe854078d1ac9338744f61a02 -> 
  custom:video-encoder-webm-vp8: eb34c28f22e8b96e1ab97ce403110664 -> 
  custom:audio-encoder-webm-vorbis: bf7c407c2cedff20999df2af8eb42d56 -> 
  custom:framework-win-MediaFoundation: 216162199b28c13a410421893ffa2e32 -> 
  custom:SearchIndexIgnoredProperties: e643bd26f0fe6173181afceb89e7c659 -> 
  custom:container-demuxer-ogg: 62fdf1f143b41e24485cea50d1cbac27 -> 
  custom:video-decoder-webm-vp8: 9c59270c3fd7afecdb556c50c9e8de78 -> 
  custom:audio-decoder-ogg-vorbis: bf7c407c2cedff20999df2af8eb42d56 -> 
========================================================================
Received Prepare
Registering precompiled user dll's ...
Registered in 0.006829 seconds.
Begin MonoManager ReloadAssembly
Symbol file LoadedFromMemory doesn't match image D:\Learn\Unity_Learn\UGF\StarForce\Library\PackageCache\com.unity.visualscripting@1.7.8\Editor\VisualScripting.Core\Dependencies\YamlDotNet\Unity.VisualScripting.YamlDotNet.dll
Symbol file LoadedFromMemory doesn't match image D:\Learn\Unity_Learn\UGF\StarForce\Library\PackageCache\com.unity.visualscripting@1.7.8\Editor\VisualScripting.Core\Dependencies\DotNetZip\Unity.VisualScripting.IonicZip.dll
Native extension for WindowsStandalone target not found
Native extension for iOS target not found
Native extension for Android target not found
Refreshing native plugins compatible for Editor in 0.51 ms, found 3 plugins.
Preloading 0 native plugins for Editor in 0.00 ms.
Mono: successfully reloaded assembly
- Completed reload, in  0.676 seconds
Domain Reload Profiling:
	ReloadAssembly (676ms)
		BeginReloadAssembly (105ms)
			ExecutionOrderSort (0ms)
			DisableScriptedObjects (4ms)
			BackupInstance (0ms)
			ReleaseScriptingObjects (0ms)
			CreateAndSetChildDomain (27ms)
		EndReloadAssembly (508ms)
			LoadAssemblies (60ms)
			RebuildTransferFunctionScriptingTraits (0ms)
			SetupTypeCache (157ms)
			ReleaseScriptCaches (1ms)
			RebuildScriptCaches (28ms)
			SetupLoadedEditorAssemblies (230ms)
				LogAssemblyErrors (0ms)
				InitializePlatformSupportModulesInManaged (22ms)
				SetLoadedEditorAssemblies (0ms)
				RefreshPlugins (1ms)
				BeforeProcessingInitializeOnLoad (41ms)
				ProcessInitializeOnLoadAttributes (140ms)
				ProcessInitializeOnLoadMethodAttributes (20ms)
				AfterProcessingInitializeOnLoad (6ms)
				EditorAssembliesLoaded (0ms)
			ExecutionOrderSort2 (0ms)
			AwakeInstancesAfterBackupRestoration (6ms)
Platform modules already initialized, skipping
Refreshing native plugins compatible for Editor in 1.45 ms, found 3 plugins.
Preloading 0 native plugins for Editor in 0.00 ms.
Unloading 4053 Unused Serialized files (Serialized files now loaded: 0)
Unloading 25 unused Assets / (24.6 KB). Loaded Objects now: 4530.
Memory consumption went from 138.7 MB to 138.7 MB.
Total: 2.225300 ms (FindLiveObjects: 0.257100 ms CreateObjectMapping: 0.152800 ms MarkObjects: 1.760200 ms  DeleteObjects: 0.054600 ms)

AssetImportParameters requested are different than current active one (requested -> active):
  custom:video-decoder-ogg-theora: a1e56fd34408186e4bbccfd4996cb3dc -> 
  custom:container-muxer-webm: aa71ff27fc2769a1b78a27578f13a17b -> 
  custom:container-demuxer-webm: 4f35f7cbe854078d1ac9338744f61a02 -> 
  custom:video-encoder-webm-vp8: eb34c28f22e8b96e1ab97ce403110664 -> 
  custom:audio-encoder-webm-vorbis: bf7c407c2cedff20999df2af8eb42d56 -> 
  custom:framework-win-MediaFoundation: 216162199b28c13a410421893ffa2e32 -> 
  custom:SearchIndexIgnoredProperties: e643bd26f0fe6173181afceb89e7c659 -> 
  custom:container-demuxer-ogg: 62fdf1f143b41e24485cea50d1cbac27 -> 
  custom:video-decoder-webm-vp8: 9c59270c3fd7afecdb556c50c9e8de78 -> 
  custom:audio-decoder-ogg-vorbis: bf7c407c2cedff20999df2af8eb42d56 -> 
